#
# There is insufficient memory for the Java Runtime Environment to continue.
# Native memory allocation (malloc) failed to allocate 1068976 bytes for Chunk::new
# Possible reasons:
#   The system is out of physical RAM or swap space
#   The process is running with CompressedOops enabled, and the Java Heap may be blocking the growth of the native heap
# Possible solutions:
#   Reduce memory load on the system
#   Increase physical memory or swap space
#   Check if swap backing store is full
#   Decrease Java heap size (-Xmx/-Xms)
#   Decrease number of Java threads
#   Decrease Java thread stack sizes (-Xss)
#   Set larger code cache with -XX:ReservedCodeCacheSize=
#   JVM is running with Zero Based Compressed Oops mode in which the Java heap is
#     placed in the first 32GB address space. The Java Heap base address is the
#     maximum limit for the native heap growth. Please use -XX:HeapBaseMinAddress
#     to set the Java Heap base and to place the Java Heap above 32GB virtual address.
# This output file may be truncated or incomplete.
#
#  Out of Memory Error (arena.cpp:184), pid=23700, tid=24260
#
# JRE version: Java(TM) SE Runtime Environment (18.0.2.1+1) (build 18.0.2.1+1-1)
# Java VM: Java HotSpot(TM) 64-Bit Server VM (18.0.2.1+1-1, mixed mode, sharing, tiered, compressed oops, compressed class ptrs, g1 gc, windows-amd64)
# No core dump will be written. Minidumps are not enabled by default on client versions of Windows
#

---------------  S U M M A R Y ------------

Command Line: -Dmaven.multiModuleProjectDirectory=E:\SwitchCode\LibraryManagementSystemApplication -Djansi.passthrough=true -Dmaven.home=C:\Users\shiva\.m2\wrapper\dists\apache-maven-3.9.9-bin\4nf9hui3q3djbarqar9g711ggc\apache-maven-3.9.9 -Dclassworlds.conf=C:\Users\shiva\.m2\wrapper\dists\apache-maven-3.9.9-bin\4nf9hui3q3djbarqar9g711ggc\apache-maven-3.9.9\bin\m2.conf -Dmaven.ext.class.path=C:\Program Files\JetBrains\IntelliJ IDEA Community Edition 2024.3.2.2\plugins\maven\lib\maven-event-listener.jar -javaagent:C:\Program Files\JetBrains\IntelliJ IDEA Community Edition 2024.3.2.2\lib\idea_rt.jar=54946:C:\Program Files\JetBrains\IntelliJ IDEA Community Edition 2024.3.2.2\bin -Dfile.encoding=UTF-8 -Dsun.stdout.encoding=UTF-8 -Dsun.stderr.encoding=UTF-8 org.codehaus.classworlds.Launcher -Didea.version=2024.3.2.2 clean install

Host: 12th Gen Intel(R) Core(TM) i7-1255U, 12 cores, 15G,  Windows 11 , 64 bit Build 22621 (10.0.22621.4391)
Time: Thu Feb  6 23:10:36 2025 India Standard Time elapsed time: 2.760769 seconds (0d 0h 0m 2s)

---------------  T H R E A D  ---------------

Current thread (0x0000019634df1130):  JavaThread "C2 CompilerThread0" daemon [_thread_in_native, id=24260, stack(0x0000000543e00000,0x0000000543f00000)]


Current CompileTask:
C2:   2760 2735       4       java.lang.invoke.MethodType::makeImpl (109 bytes)

Stack: [0x0000000543e00000,0x0000000543f00000]
Native frames: (J=compiled Java code, j=interpreted, Vv=VM code, C=native code)
V  [jvm.dll+0x6993aa]
V  [jvm.dll+0x7f46dd]
V  [jvm.dll+0x7f5fee]
V  [jvm.dll+0x7f66a3]
V  [jvm.dll+0x25cf1f]
V  [jvm.dll+0xb8c2f]
V  [jvm.dll+0xb8fa5]
V  [jvm.dll+0x386091]
V  [jvm.dll+0x34fe71]
V  [jvm.dll+0x34f30a]
V  [jvm.dll+0x230101]
V  [jvm.dll+0x22f4d1]
V  [jvm.dll+0x1ba01c]
V  [jvm.dll+0x23ee0a]
V  [jvm.dll+0x23d0f5]
V  [jvm.dll+0x7a6dd1]
V  [jvm.dll+0x7a120a]
V  [jvm.dll+0x698255]
C  [ucrtbase.dll+0x29333]
C  [KERNEL32.DLL+0x1259d]
C  [ntdll.dll+0x5af38]


---------------  P R O C E S S  ---------------

Threads class SMR info:
_java_thread_list=0x000001963a6e21d0, length=15, elements={
0x0000019612028890, 0x0000019634dd2890, 0x0000019634dd34f0, 0x0000019634dee780,
0x0000019634def120, 0x0000019634defac0, 0x0000019634df0460, 0x0000019634df1130,
0x0000019634df1b10, 0x0000019634df4500, 0x0000019634db81c0, 0x0000019639589830,
0x0000019639575550, 0x000001963993db70, 0x000001963a747a40
}

Java Threads: ( => current thread )
  0x0000019612028890 JavaThread "main" [_thread_in_Java, id=25636, stack(0x0000000543100000,0x0000000543200000)]
  0x0000019634dd2890 JavaThread "Reference Handler" daemon [_thread_blocked, id=20060, stack(0x0000000543800000,0x0000000543900000)]
  0x0000019634dd34f0 JavaThread "Finalizer" daemon [_thread_blocked, id=25940, stack(0x0000000543900000,0x0000000543a00000)]
  0x0000019634dee780 JavaThread "Signal Dispatcher" daemon [_thread_blocked, id=27316, stack(0x0000000543a00000,0x0000000543b00000)]
  0x0000019634def120 JavaThread "Attach Listener" daemon [_thread_blocked, id=10512, stack(0x0000000543b00000,0x0000000543c00000)]
  0x0000019634defac0 JavaThread "Service Thread" daemon [_thread_blocked, id=3464, stack(0x0000000543c00000,0x0000000543d00000)]
  0x0000019634df0460 JavaThread "Monitor Deflation Thread" daemon [_thread_blocked, id=19668, stack(0x0000000543d00000,0x0000000543e00000)]
=>0x0000019634df1130 JavaThread "C2 CompilerThread0" daemon [_thread_in_native, id=24260, stack(0x0000000543e00000,0x0000000543f00000)]
  0x0000019634df1b10 JavaThread "C1 CompilerThread0" daemon [_thread_in_native, id=19008, stack(0x0000000543f00000,0x0000000544000000)]
  0x0000019634df4500 JavaThread "Sweeper thread" daemon [_thread_blocked, id=15580, stack(0x0000000544000000,0x0000000544100000)]
  0x0000019634db81c0 JavaThread "Common-Cleaner" daemon [_thread_blocked, id=22912, stack(0x0000000544100000,0x0000000544200000)]
  0x0000019639589830 JavaThread "Monitor Ctrl-Break" daemon [_thread_in_native, id=25028, stack(0x0000000544300000,0x0000000544400000)]
  0x0000019639575550 JavaThread "Notification Thread" daemon [_thread_blocked, id=27020, stack(0x0000000544400000,0x0000000544500000)]
  0x000001963993db70 JavaThread "C2 CompilerThread1" daemon [_thread_in_native, id=16668, stack(0x0000000544200000,0x0000000544300000)]
  0x000001963a747a40 JavaThread "Thread-1" daemon [_thread_blocked, id=21132, stack(0x0000000544600000,0x0000000544700000)]

Other Threads:
  0x00000196120bd3f0 VMThread "VM Thread" [stack: 0x0000000543700000,0x0000000543800000] [id=11884]
  0x0000019639589cf0 WatcherThread "VM Periodic Task Thread" [stack: 0x0000000544500000,0x0000000544600000] [id=11084]
  0x0000019612098040 WorkerThread "GC Thread#0" [stack: 0x0000000543200000,0x0000000543300000] [id=16792]
  0x000001963a177390 WorkerThread "GC Thread#1" [stack: 0x0000000544700000,0x0000000544800000] [id=21508]
  0x0000019639fa4c40 WorkerThread "GC Thread#2" [stack: 0x0000000544800000,0x0000000544900000] [id=16440]
  0x0000019639f6ee50 WorkerThread "GC Thread#3" [stack: 0x0000000544900000,0x0000000544a00000] [id=20644]
  0x0000019639ab4570 WorkerThread "GC Thread#4" [stack: 0x0000000544a00000,0x0000000544b00000] [id=4572]
  0x0000019639ab4c20 WorkerThread "GC Thread#5" [stack: 0x0000000544b00000,0x0000000544c00000] [id=23644]
  0x000001963a05cd10 WorkerThread "GC Thread#6" [stack: 0x0000000544c00000,0x0000000544d00000] [id=15808]
  0x000001963a590480 WorkerThread "GC Thread#7" [stack: 0x0000000544d00000,0x0000000544e00000] [id=26056]
  0x000001963a513660 WorkerThread "GC Thread#8" [stack: 0x0000000544e00000,0x0000000544f00000] [id=21092]
  0x00000196120a8a80 ConcurrentGCThread "G1 Main Marker" [stack: 0x0000000543300000,0x0000000543400000] [id=11420]
  0x00000196120a9470 WorkerThread "G1 Conc#0" [stack: 0x0000000543400000,0x0000000543500000] [id=8316]
  0x0000019634c84910 ConcurrentGCThread "G1 Refine#0" [stack: 0x0000000543500000,0x0000000543600000] [id=12180]
  0x0000019634c84fd0 ConcurrentGCThread "G1 Service" [stack: 0x0000000543600000,0x0000000543700000] [id=17388]

Threads with active compile tasks:
C2 CompilerThread0     2773 2735       4       java.lang.invoke.MethodType::makeImpl (109 bytes)
C1 CompilerThread0     2773 2823   !   3       org.codehaus.plexus.util.xml.pull.MXParser::parseComment (590 bytes)
C2 CompilerThread1     2773 2809       4       org.codehaus.plexus.util.xml.pull.MXParser::nextImpl (1203 bytes)

VM state: not at safepoint (normal execution)

VM Mutex/Monitor currently owned by a thread: None

Heap address: 0x0000000704e00000, size: 4018 MB, Compressed Oops mode: Zero based, Oop shift amount: 3

CDS archive(s) mapped at: [0x0000000800000000-0x0000000800ba0000-0x0000000800ba0000), size 12189696, SharedBaseAddress: 0x0000000800000000, ArchiveRelocationMode: 0.
Compressed class space mapped at: 0x0000000800c00000-0x0000000840c00000, reserved size: 1073741824
Narrow klass base: 0x0000000800000000, Narrow klass shift: 0, Narrow klass range: 0x100000000

GC Precious Log:
 CardTable entry size: 512
 Card Set container configuration: InlinePtr #cards 4 size 8 Array Of Cards #cards 16 size 48 Howl #buckets 8 coarsen threshold 3686 Howl Bitmap #cards 512 size 80 coarsen threshold 460 Card regions per heap region 1 cards per card region 4096
 CPUs: 12 total, 12 available
 Memory: 16068M
 Large Page Support: Disabled
 NUMA Support: Disabled
 Compressed Oops: Enabled (Zero based)
 Heap Region Size: 2M
 Heap Min Capacity: 8M
 Heap Initial Capacity: 252M
 Heap Max Capacity: 4018M
 Pre-touch: Disabled
 Parallel Workers: 10
 Concurrent Workers: 3
 Concurrent Refinement Workers: 10
 Periodic GC: Disabled

Heap:
 garbage-first heap   total 258048K, used 35916K [0x0000000704e00000, 0x0000000800000000)
  region size 2048K, 18 young (36864K), 1 survivors (2048K)
 Metaspace       used 14999K, committed 15232K, reserved 1114112K
  class space    used 1789K, committed 1920K, reserved 1048576K

Heap Regions: E=young(eden), S=young(survivor), O=old, HS=humongous(starts), HC=humongous(continues), CS=collection set, F=free, OA=open archive, CA=closed archive, TAMS=top-at-mark-start (previous, next)
|   0|0x0000000704e00000, 0x0000000705000000, 0x0000000705000000|100%| O|  |TAMS 0x0000000704e00000, 0x0000000704e00000| Untracked 
|   1|0x0000000705000000, 0x000000070517a200, 0x0000000705200000| 73%| O|  |TAMS 0x0000000705000000, 0x0000000705000000| Untracked 
|   2|0x0000000705200000, 0x0000000705200000, 0x0000000705400000|  0%| F|  |TAMS 0x0000000705200000, 0x0000000705200000| Untracked 
|   3|0x0000000705400000, 0x0000000705400000, 0x0000000705600000|  0%| F|  |TAMS 0x0000000705400000, 0x0000000705400000| Untracked 
|   4|0x0000000705600000, 0x0000000705600000, 0x0000000705800000|  0%| F|  |TAMS 0x0000000705600000, 0x0000000705600000| Untracked 
|   5|0x0000000705800000, 0x0000000705800000, 0x0000000705a00000|  0%| F|  |TAMS 0x0000000705800000, 0x0000000705800000| Untracked 
|   6|0x0000000705a00000, 0x0000000705a00000, 0x0000000705c00000|  0%| F|  |TAMS 0x0000000705a00000, 0x0000000705a00000| Untracked 
|   7|0x0000000705c00000, 0x0000000705c00000, 0x0000000705e00000|  0%| F|  |TAMS 0x0000000705c00000, 0x0000000705c00000| Untracked 
|   8|0x0000000705e00000, 0x0000000705e00000, 0x0000000706000000|  0%| F|  |TAMS 0x0000000705e00000, 0x0000000705e00000| Untracked 
|   9|0x0000000706000000, 0x0000000706000000, 0x0000000706200000|  0%| F|  |TAMS 0x0000000706000000, 0x0000000706000000| Untracked 
|  10|0x0000000706200000, 0x0000000706200000, 0x0000000706400000|  0%| F|  |TAMS 0x0000000706200000, 0x0000000706200000| Untracked 
|  11|0x0000000706400000, 0x0000000706400000, 0x0000000706600000|  0%| F|  |TAMS 0x0000000706400000, 0x0000000706400000| Untracked 
|  12|0x0000000706600000, 0x0000000706600000, 0x0000000706800000|  0%| F|  |TAMS 0x0000000706600000, 0x0000000706600000| Untracked 
|  13|0x0000000706800000, 0x0000000706800000, 0x0000000706a00000|  0%| F|  |TAMS 0x0000000706800000, 0x0000000706800000| Untracked 
|  14|0x0000000706a00000, 0x0000000706a00000, 0x0000000706c00000|  0%| F|  |TAMS 0x0000000706a00000, 0x0000000706a00000| Untracked 
|  15|0x0000000706c00000, 0x0000000706c00000, 0x0000000706e00000|  0%| F|  |TAMS 0x0000000706c00000, 0x0000000706c00000| Untracked 
|  16|0x0000000706e00000, 0x0000000706e00000, 0x0000000707000000|  0%| F|  |TAMS 0x0000000706e00000, 0x0000000706e00000| Untracked 
|  17|0x0000000707000000, 0x0000000707000000, 0x0000000707200000|  0%| F|  |TAMS 0x0000000707000000, 0x0000000707000000| Untracked 
|  18|0x0000000707200000, 0x0000000707200000, 0x0000000707400000|  0%| F|  |TAMS 0x0000000707200000, 0x0000000707200000| Untracked 
|  19|0x0000000707400000, 0x0000000707400000, 0x0000000707600000|  0%| F|  |TAMS 0x0000000707400000, 0x0000000707400000| Untracked 
|  20|0x0000000707600000, 0x0000000707600000, 0x0000000707800000|  0%| F|  |TAMS 0x0000000707600000, 0x0000000707600000| Untracked 
|  21|0x0000000707800000, 0x0000000707800000, 0x0000000707a00000|  0%| F|  |TAMS 0x0000000707800000, 0x0000000707800000| Untracked 
|  22|0x0000000707a00000, 0x0000000707a00000, 0x0000000707c00000|  0%| F|  |TAMS 0x0000000707a00000, 0x0000000707a00000| Untracked 
|  23|0x0000000707c00000, 0x0000000707c00000, 0x0000000707e00000|  0%| F|  |TAMS 0x0000000707c00000, 0x0000000707c00000| Untracked 
|  24|0x0000000707e00000, 0x0000000707e00000, 0x0000000708000000|  0%| F|  |TAMS 0x0000000707e00000, 0x0000000707e00000| Untracked 
|  25|0x0000000708000000, 0x0000000708000000, 0x0000000708200000|  0%| F|  |TAMS 0x0000000708000000, 0x0000000708000000| Untracked 
|  26|0x0000000708200000, 0x0000000708200000, 0x0000000708400000|  0%| F|  |TAMS 0x0000000708200000, 0x0000000708200000| Untracked 
|  27|0x0000000708400000, 0x0000000708400000, 0x0000000708600000|  0%| F|  |TAMS 0x0000000708400000, 0x0000000708400000| Untracked 
|  28|0x0000000708600000, 0x0000000708600000, 0x0000000708800000|  0%| F|  |TAMS 0x0000000708600000, 0x0000000708600000| Untracked 
|  29|0x0000000708800000, 0x0000000708800000, 0x0000000708a00000|  0%| F|  |TAMS 0x0000000708800000, 0x0000000708800000| Untracked 
|  30|0x0000000708a00000, 0x0000000708a00000, 0x0000000708c00000|  0%| F|  |TAMS 0x0000000708a00000, 0x0000000708a00000| Untracked 
|  31|0x0000000708c00000, 0x0000000708c00000, 0x0000000708e00000|  0%| F|  |TAMS 0x0000000708c00000, 0x0000000708c00000| Untracked 
|  32|0x0000000708e00000, 0x0000000708e00000, 0x0000000709000000|  0%| F|  |TAMS 0x0000000708e00000, 0x0000000708e00000| Untracked 
|  33|0x0000000709000000, 0x0000000709000000, 0x0000000709200000|  0%| F|  |TAMS 0x0000000709000000, 0x0000000709000000| Untracked 
|  34|0x0000000709200000, 0x0000000709200000, 0x0000000709400000|  0%| F|  |TAMS 0x0000000709200000, 0x0000000709200000| Untracked 
|  35|0x0000000709400000, 0x0000000709400000, 0x0000000709600000|  0%| F|  |TAMS 0x0000000709400000, 0x0000000709400000| Untracked 
|  36|0x0000000709600000, 0x0000000709600000, 0x0000000709800000|  0%| F|  |TAMS 0x0000000709600000, 0x0000000709600000| Untracked 
|  37|0x0000000709800000, 0x0000000709800000, 0x0000000709a00000|  0%| F|  |TAMS 0x0000000709800000, 0x0000000709800000| Untracked 
|  38|0x0000000709a00000, 0x0000000709a00000, 0x0000000709c00000|  0%| F|  |TAMS 0x0000000709a00000, 0x0000000709a00000| Untracked 
|  39|0x0000000709c00000, 0x0000000709c00000, 0x0000000709e00000|  0%| F|  |TAMS 0x0000000709c00000, 0x0000000709c00000| Untracked 
|  40|0x0000000709e00000, 0x0000000709e00000, 0x000000070a000000|  0%| F|  |TAMS 0x0000000709e00000, 0x0000000709e00000| Untracked 
|  41|0x000000070a000000, 0x000000070a000000, 0x000000070a200000|  0%| F|  |TAMS 0x000000070a000000, 0x000000070a000000| Untracked 
|  42|0x000000070a200000, 0x000000070a200000, 0x000000070a400000|  0%| F|  |TAMS 0x000000070a200000, 0x000000070a200000| Untracked 
|  43|0x000000070a400000, 0x000000070a400000, 0x000000070a600000|  0%| F|  |TAMS 0x000000070a400000, 0x000000070a400000| Untracked 
|  44|0x000000070a600000, 0x000000070a600000, 0x000000070a800000|  0%| F|  |TAMS 0x000000070a600000, 0x000000070a600000| Untracked 
|  45|0x000000070a800000, 0x000000070a800000, 0x000000070aa00000|  0%| F|  |TAMS 0x000000070a800000, 0x000000070a800000| Untracked 
|  46|0x000000070aa00000, 0x000000070aa00000, 0x000000070ac00000|  0%| F|  |TAMS 0x000000070aa00000, 0x000000070aa00000| Untracked 
|  47|0x000000070ac00000, 0x000000070ac00000, 0x000000070ae00000|  0%| F|  |TAMS 0x000000070ac00000, 0x000000070ac00000| Untracked 
|  48|0x000000070ae00000, 0x000000070ae00000, 0x000000070b000000|  0%| F|  |TAMS 0x000000070ae00000, 0x000000070ae00000| Untracked 
|  49|0x000000070b000000, 0x000000070b000000, 0x000000070b200000|  0%| F|  |TAMS 0x000000070b000000, 0x000000070b000000| Untracked 
|  50|0x000000070b200000, 0x000000070b200000, 0x000000070b400000|  0%| F|  |TAMS 0x000000070b200000, 0x000000070b200000| Untracked 
|  51|0x000000070b400000, 0x000000070b400000, 0x000000070b600000|  0%| F|  |TAMS 0x000000070b400000, 0x000000070b400000| Untracked 
|  52|0x000000070b600000, 0x000000070b600000, 0x000000070b800000|  0%| F|  |TAMS 0x000000070b600000, 0x000000070b600000| Untracked 
|  53|0x000000070b800000, 0x000000070b800000, 0x000000070ba00000|  0%| F|  |TAMS 0x000000070b800000, 0x000000070b800000| Untracked 
|  54|0x000000070ba00000, 0x000000070ba00000, 0x000000070bc00000|  0%| F|  |TAMS 0x000000070ba00000, 0x000000070ba00000| Untracked 
|  55|0x000000070bc00000, 0x000000070bc00000, 0x000000070be00000|  0%| F|  |TAMS 0x000000070bc00000, 0x000000070bc00000| Untracked 
|  56|0x000000070be00000, 0x000000070be00000, 0x000000070c000000|  0%| F|  |TAMS 0x000000070be00000, 0x000000070be00000| Untracked 
|  57|0x000000070c000000, 0x000000070c000000, 0x000000070c200000|  0%| F|  |TAMS 0x000000070c000000, 0x000000070c000000| Untracked 
|  58|0x000000070c200000, 0x000000070c200000, 0x000000070c400000|  0%| F|  |TAMS 0x000000070c200000, 0x000000070c200000| Untracked 
|  59|0x000000070c400000, 0x000000070c400000, 0x000000070c600000|  0%| F|  |TAMS 0x000000070c400000, 0x000000070c400000| Untracked 
|  60|0x000000070c600000, 0x000000070c600000, 0x000000070c800000|  0%| F|  |TAMS 0x000000070c600000, 0x000000070c600000| Untracked 
|  61|0x000000070c800000, 0x000000070c800000, 0x000000070ca00000|  0%| F|  |TAMS 0x000000070c800000, 0x000000070c800000| Untracked 
|  62|0x000000070ca00000, 0x000000070ca00000, 0x000000070cc00000|  0%| F|  |TAMS 0x000000070ca00000, 0x000000070ca00000| Untracked 
|  63|0x000000070cc00000, 0x000000070cc00000, 0x000000070ce00000|  0%| F|  |TAMS 0x000000070cc00000, 0x000000070cc00000| Untracked 
|  64|0x000000070ce00000, 0x000000070ce00000, 0x000000070d000000|  0%| F|  |TAMS 0x000000070ce00000, 0x000000070ce00000| Untracked 
|  65|0x000000070d000000, 0x000000070d000000, 0x000000070d200000|  0%| F|  |TAMS 0x000000070d000000, 0x000000070d000000| Untracked 
|  66|0x000000070d200000, 0x000000070d200000, 0x000000070d400000|  0%| F|  |TAMS 0x000000070d200000, 0x000000070d200000| Untracked 
|  67|0x000000070d400000, 0x000000070d400000, 0x000000070d600000|  0%| F|  |TAMS 0x000000070d400000, 0x000000070d400000| Untracked 
|  68|0x000000070d600000, 0x000000070d600000, 0x000000070d800000|  0%| F|  |TAMS 0x000000070d600000, 0x000000070d600000| Untracked 
|  69|0x000000070d800000, 0x000000070d800000, 0x000000070da00000|  0%| F|  |TAMS 0x000000070d800000, 0x000000070d800000| Untracked 
|  70|0x000000070da00000, 0x000000070da00000, 0x000000070dc00000|  0%| F|  |TAMS 0x000000070da00000, 0x000000070da00000| Untracked 
|  71|0x000000070dc00000, 0x000000070dc00000, 0x000000070de00000|  0%| F|  |TAMS 0x000000070dc00000, 0x000000070dc00000| Untracked 
|  72|0x000000070de00000, 0x000000070de00000, 0x000000070e000000|  0%| F|  |TAMS 0x000000070de00000, 0x000000070de00000| Untracked 
|  73|0x000000070e000000, 0x000000070e000000, 0x000000070e200000|  0%| F|  |TAMS 0x000000070e000000, 0x000000070e000000| Untracked 
|  74|0x000000070e200000, 0x000000070e200000, 0x000000070e400000|  0%| F|  |TAMS 0x000000070e200000, 0x000000070e200000| Untracked 
|  75|0x000000070e400000, 0x000000070e400000, 0x000000070e600000|  0%| F|  |TAMS 0x000000070e400000, 0x000000070e400000| Untracked 
|  76|0x000000070e600000, 0x000000070e600000, 0x000000070e800000|  0%| F|  |TAMS 0x000000070e600000, 0x000000070e600000| Untracked 
|  77|0x000000070e800000, 0x000000070e800000, 0x000000070ea00000|  0%| F|  |TAMS 0x000000070e800000, 0x000000070e800000| Untracked 
|  78|0x000000070ea00000, 0x000000070ea00000, 0x000000070ec00000|  0%| F|  |TAMS 0x000000070ea00000, 0x000000070ea00000| Untracked 
|  79|0x000000070ec00000, 0x000000070ec00000, 0x000000070ee00000|  0%| F|  |TAMS 0x000000070ec00000, 0x000000070ec00000| Untracked 
|  80|0x000000070ee00000, 0x000000070ee00000, 0x000000070f000000|  0%| F|  |TAMS 0x000000070ee00000, 0x000000070ee00000| Untracked 
|  81|0x000000070f000000, 0x000000070f000000, 0x000000070f200000|  0%| F|  |TAMS 0x000000070f000000, 0x000000070f000000| Untracked 
|  82|0x000000070f200000, 0x000000070f200000, 0x000000070f400000|  0%| F|  |TAMS 0x000000070f200000, 0x000000070f200000| Untracked 
|  83|0x000000070f400000, 0x000000070f400000, 0x000000070f600000|  0%| F|  |TAMS 0x000000070f400000, 0x000000070f400000| Untracked 
|  84|0x000000070f600000, 0x000000070f600000, 0x000000070f800000|  0%| F|  |TAMS 0x000000070f600000, 0x000000070f600000| Untracked 
|  85|0x000000070f800000, 0x000000070f800000, 0x000000070fa00000|  0%| F|  |TAMS 0x000000070f800000, 0x000000070f800000| Untracked 
|  86|0x000000070fa00000, 0x000000070fa00000, 0x000000070fc00000|  0%| F|  |TAMS 0x000000070fa00000, 0x000000070fa00000| Untracked 
|  87|0x000000070fc00000, 0x000000070fc00000, 0x000000070fe00000|  0%| F|  |TAMS 0x000000070fc00000, 0x000000070fc00000| Untracked 
|  88|0x000000070fe00000, 0x000000070fe00000, 0x0000000710000000|  0%| F|  |TAMS 0x000000070fe00000, 0x000000070fe00000| Untracked 
|  89|0x0000000710000000, 0x0000000710000000, 0x0000000710200000|  0%| F|  |TAMS 0x0000000710000000, 0x0000000710000000| Untracked 
|  90|0x0000000710200000, 0x0000000710200000, 0x0000000710400000|  0%| F|  |TAMS 0x0000000710200000, 0x0000000710200000| Untracked 
|  91|0x0000000710400000, 0x0000000710400000, 0x0000000710600000|  0%| F|  |TAMS 0x0000000710400000, 0x0000000710400000| Untracked 
|  92|0x0000000710600000, 0x0000000710600000, 0x0000000710800000|  0%| F|  |TAMS 0x0000000710600000, 0x0000000710600000| Untracked 
|  93|0x0000000710800000, 0x0000000710800000, 0x0000000710a00000|  0%| F|  |TAMS 0x0000000710800000, 0x0000000710800000| Untracked 
|  94|0x0000000710a00000, 0x0000000710a00000, 0x0000000710c00000|  0%| F|  |TAMS 0x0000000710a00000, 0x0000000710a00000| Untracked 
|  95|0x0000000710c00000, 0x0000000710c00000, 0x0000000710e00000|  0%| F|  |TAMS 0x0000000710c00000, 0x0000000710c00000| Untracked 
|  96|0x0000000710e00000, 0x0000000710e00000, 0x0000000711000000|  0%| F|  |TAMS 0x0000000710e00000, 0x0000000710e00000| Untracked 
|  97|0x0000000711000000, 0x0000000711000000, 0x0000000711200000|  0%| F|  |TAMS 0x0000000711000000, 0x0000000711000000| Untracked 
|  98|0x0000000711200000, 0x0000000711200000, 0x0000000711400000|  0%| F|  |TAMS 0x0000000711200000, 0x0000000711200000| Untracked 
|  99|0x0000000711400000, 0x0000000711400000, 0x0000000711600000|  0%| F|  |TAMS 0x0000000711400000, 0x0000000711400000| Untracked 
| 100|0x0000000711600000, 0x0000000711600000, 0x0000000711800000|  0%| F|  |TAMS 0x0000000711600000, 0x0000000711600000| Untracked 
| 101|0x0000000711800000, 0x0000000711800000, 0x0000000711a00000|  0%| F|  |TAMS 0x0000000711800000, 0x0000000711800000| Untracked 
| 102|0x0000000711a00000, 0x0000000711a00000, 0x0000000711c00000|  0%| F|  |TAMS 0x0000000711a00000, 0x0000000711a00000| Untracked 
| 103|0x0000000711c00000, 0x0000000711c00000, 0x0000000711e00000|  0%| F|  |TAMS 0x0000000711c00000, 0x0000000711c00000| Untracked 
| 104|0x0000000711e00000, 0x0000000711e00000, 0x0000000712000000|  0%| F|  |TAMS 0x0000000711e00000, 0x0000000711e00000| Untracked 
| 105|0x0000000712000000, 0x0000000712000000, 0x0000000712200000|  0%| F|  |TAMS 0x0000000712000000, 0x0000000712000000| Untracked 
| 106|0x0000000712200000, 0x0000000712200000, 0x0000000712400000|  0%| F|  |TAMS 0x0000000712200000, 0x0000000712200000| Untracked 
| 107|0x0000000712400000, 0x00000007124a0010, 0x0000000712600000| 31%| E|  |TAMS 0x0000000712400000, 0x0000000712400000| Complete 
| 108|0x0000000712600000, 0x0000000712798fb8, 0x0000000712800000| 79%| S|CS|TAMS 0x0000000712600000, 0x0000000712600000| Complete 
| 109|0x0000000712800000, 0x0000000712a00000, 0x0000000712a00000|100%| E|CS|TAMS 0x0000000712800000, 0x0000000712800000| Complete 
| 110|0x0000000712a00000, 0x0000000712c00000, 0x0000000712c00000|100%| E|CS|TAMS 0x0000000712a00000, 0x0000000712a00000| Complete 
| 111|0x0000000712c00000, 0x0000000712e00000, 0x0000000712e00000|100%| E|CS|TAMS 0x0000000712c00000, 0x0000000712c00000| Complete 
| 112|0x0000000712e00000, 0x0000000713000000, 0x0000000713000000|100%| E|CS|TAMS 0x0000000712e00000, 0x0000000712e00000| Complete 
| 113|0x0000000713000000, 0x0000000713200000, 0x0000000713200000|100%| E|CS|TAMS 0x0000000713000000, 0x0000000713000000| Complete 
| 114|0x0000000713200000, 0x0000000713400000, 0x0000000713400000|100%| E|CS|TAMS 0x0000000713200000, 0x0000000713200000| Complete 
| 115|0x0000000713400000, 0x0000000713600000, 0x0000000713600000|100%| E|CS|TAMS 0x0000000713400000, 0x0000000713400000| Complete 
| 116|0x0000000713600000, 0x0000000713800000, 0x0000000713800000|100%| E|CS|TAMS 0x0000000713600000, 0x0000000713600000| Complete 
| 117|0x0000000713800000, 0x0000000713a00000, 0x0000000713a00000|100%| E|CS|TAMS 0x0000000713800000, 0x0000000713800000| Complete 
| 118|0x0000000713a00000, 0x0000000713c00000, 0x0000000713c00000|100%| E|CS|TAMS 0x0000000713a00000, 0x0000000713a00000| Complete 
| 119|0x0000000713c00000, 0x0000000713e00000, 0x0000000713e00000|100%| E|CS|TAMS 0x0000000713c00000, 0x0000000713c00000| Complete 
| 120|0x0000000713e00000, 0x0000000714000000, 0x0000000714000000|100%| E|CS|TAMS 0x0000000713e00000, 0x0000000713e00000| Complete 
| 121|0x0000000714000000, 0x0000000714200000, 0x0000000714200000|100%| E|  |TAMS 0x0000000714000000, 0x0000000714000000| Complete 
| 122|0x0000000714200000, 0x0000000714400000, 0x0000000714400000|100%| E|CS|TAMS 0x0000000714200000, 0x0000000714200000| Complete 
| 123|0x0000000714400000, 0x0000000714600000, 0x0000000714600000|100%| E|CS|TAMS 0x0000000714400000, 0x0000000714400000| Complete 
| 124|0x0000000714600000, 0x0000000714800000, 0x0000000714800000|100%| E|CS|TAMS 0x0000000714600000, 0x0000000714600000| Complete 
| 125|0x0000000714800000, 0x0000000714a00000, 0x0000000714a00000|100%| E|CS|TAMS 0x0000000714800000, 0x0000000714800000| Complete 

Card table byte_map: [0x0000019629670000,0x0000019629e50000] _byte_map_base: 0x0000019625e49000

Marking Bits (Prev, Next): (CMBitMap*) 0x0000019612098640, (CMBitMap*) 0x0000019612098680
 Prev Bits: [0x000001962a630000, 0x000001962e4f8000)
 Next Bits: [0x000001962e500000, 0x00000196323c8000)

Polling page: 0x000001960ffd0000

Metaspace:

Usage:
  Non-class:     12.90 MB used.
      Class:      1.75 MB used.
       Both:     14.65 MB used.

Virtual space:
  Non-class space:       64.00 MB reserved,      13.00 MB ( 20%) committed,  1 nodes.
      Class space:        1.00 GB reserved,       1.88 MB ( <1%) committed,  1 nodes.
             Both:        1.06 GB reserved,      14.88 MB (  1%) committed. 

Chunk freelists:
   Non-Class:  2.45 MB
       Class:  2.17 MB
        Both:  4.62 MB

MaxMetaspaceSize: unlimited
CompressedClassSpaceSize: 1.00 GB
Initial GC threshold: 21.00 MB
Current GC threshold: 21.00 MB
CDS: on
MetaspaceReclaimPolicy: balanced
 - commit_granule_bytes: 65536.
 - commit_granule_words: 8192.
 - virtual_space_node_default_size: 8388608.
 - enlarge_chunks_in_place: 1.
 - new_chunks_are_fully_committed: 0.
 - uncommit_free_chunks: 1.
 - use_allocation_guard: 0.


Internal statistics:

num_allocs_failed_limit: 0.
num_arena_births: 174.
num_arena_deaths: 0.
num_vsnodes_births: 2.
num_vsnodes_deaths: 0.
num_space_committed: 238.
num_space_uncommitted: 0.
num_chunks_returned_to_freelist: 0.
num_chunks_taken_from_freelist: 677.
num_chunk_merges: 0.
num_chunk_splits: 472.
num_chunks_enlarged: 382.
num_inconsistent_stats: 0.

CodeHeap 'non-profiled nmethods': size=120000Kb used=1176Kb max_used=1176Kb free=118823Kb
 bounds [0x0000019621410000, 0x0000019621680000, 0x0000019628940000]
CodeHeap 'profiled nmethods': size=120000Kb used=5683Kb max_used=5683Kb free=114316Kb
 bounds [0x0000019619ee0000, 0x000001961a470000, 0x0000019621410000]
CodeHeap 'non-nmethods': size=5760Kb used=1192Kb max_used=1241Kb free=4567Kb
 bounds [0x0000019619940000, 0x0000019619bb0000, 0x0000019619ee0000]
 total_blobs=3286 nmethods=2813 adapters=385
 compilation: enabled
              stopped_count=0, restarted_count=0
 full_count=0

Compilation events (20 events):
Event: 2.741 Thread 0x0000019634df1b10 nmethod 2790 0x000001961a451510 code [0x000001961a4517c0, 0x000001961a452798]
Event: 2.741 Thread 0x0000019634df1b10 2793       3       org.apache.maven.model.interpolation.StringVisitorModelInterpolator$ModelVisitor::visit (231 bytes)
Event: 2.744 Thread 0x0000019634df1b10 nmethod 2793 0x000001961a452d10 code [0x000001961a4530c0, 0x000001961a454bd8]
Event: 2.744 Thread 0x0000019634df1b10 2795       3       org.apache.maven.model.validation.DefaultModelValidator::isValidIdCharacter (60 bytes)
Event: 2.745 Thread 0x0000019634df1b10 nmethod 2795 0x000001961a455390 code [0x000001961a455540, 0x000001961a455878]
Event: 2.745 Thread 0x0000019634df1b10 2791       3       org.codehaus.plexus.util.xml.Xpp3Dom::getChild (14 bytes)
Event: 2.747 Thread 0x0000019634df1b10 nmethod 2791 0x000001961a455910 code [0x000001961a455ac0, 0x000001961a455d88]
Event: 2.747 Thread 0x0000019634df1b10 2789       3       org.codehaus.plexus.util.xml.Xpp3Dom::<init> (10 bytes)
Event: 2.748 Thread 0x0000019634df1b10 nmethod 2789 0x000001961a455e90 code [0x000001961a456040, 0x000001961a4561a8]
Event: 2.748 Thread 0x0000019634df1b10 2794       3       org.apache.maven.model.Dependency::getExclusions (23 bytes)
Event: 2.748 Thread 0x0000019634df1b10 nmethod 2794 0x000001961a456290 code [0x000001961a456460, 0x000001961a456858]
Event: 2.748 Thread 0x0000019634df1b10 2796       3       org.codehaus.plexus.util.xml.pull.MXParser::nextImpl (1203 bytes)
Event: 2.754 Thread 0x0000019634df1b10 nmethod 2796 0x000001961a456990 code [0x000001961a457000, 0x000001961a45a1e8]
Event: 2.754 Thread 0x0000019634df1b10 2797       3       sun.nio.cs.UTF_8$Decoder::decodeArrayLoop (688 bytes)
Event: 2.757 Thread 0x0000019634df1b10 nmethod 2797 0x000001961a45b010 code [0x000001961a45b840, 0x000001961a4609b8]
Event: 2.757 Thread 0x0000019634df1b10 2800       3       java.nio.Buffer::limit (65 bytes)
Event: 2.758 Thread 0x0000019634df1b10 nmethod 2800 0x000001961a462110 code [0x000001961a4622c0, 0x000001961a462588]
Event: 2.758 Thread 0x0000019634df1b10 2801       3       java.lang.StringUTF16::compress (20 bytes)
Event: 2.758 Thread 0x0000019634df1b10 nmethod 2801 0x000001961a462690 code [0x000001961a462840, 0x000001961a462a88]
Event: 2.758 Thread 0x0000019634df1b10 2798       3       org.apache.maven.model.Contributor::setLocation (356 bytes)

GC Heap History (4 events):
Event: 1.229 GC heap before
{Heap before GC invocations=0 (full 0):
 garbage-first heap   total 258048K, used 22528K [0x0000000704e00000, 0x0000000800000000)
  region size 2048K, 11 young (22528K), 0 survivors (0K)
 Metaspace       used 5770K, committed 6016K, reserved 1114112K
  class space    used 674K, committed 768K, reserved 1048576K
}
Event: 1.238 GC heap after
{Heap after GC invocations=1 (full 0):
 garbage-first heap   total 258048K, used 3768K [0x0000000704e00000, 0x0000000800000000)
  region size 2048K, 2 young (4096K), 2 survivors (4096K)
 Metaspace       used 5770K, committed 6016K, reserved 1114112K
  class space    used 674K, committed 768K, reserved 1048576K
}
Event: 1.851 GC heap before
{Heap before GC invocations=1 (full 0):
 garbage-first heap   total 258048K, used 34488K [0x0000000704e00000, 0x0000000800000000)
  region size 2048K, 17 young (34816K), 2 survivors (4096K)
 Metaspace       used 9294K, committed 9408K, reserved 1114112K
  class space    used 1104K, committed 1152K, reserved 1048576K
}
Event: 1.857 GC heap after
{Heap after GC invocations=2 (full 0):
 garbage-first heap   total 258048K, used 5196K [0x0000000704e00000, 0x0000000800000000)
  region size 2048K, 1 young (2048K), 1 survivors (2048K)
 Metaspace       used 9294K, committed 9408K, reserved 1114112K
  class space    used 1104K, committed 1152K, reserved 1048576K
}

Deoptimization events (20 events):
Event: 2.702 Thread 0x0000019612028890 Uncommon trap: trap_request=0xffffff45 fr.pc=0x0000019621449204 relative=0x0000000000000264
Event: 2.702 Thread 0x0000019612028890 Uncommon trap: reason=unstable_if action=reinterpret pc=0x0000019621449204 method=java.util.StringTokenizer.scanToken(I)I @ 42 c2
Event: 2.703 Thread 0x0000019612028890 DEOPT PACKING pc=0x0000019621449204 sp=0x00000005431fe0f0
Event: 2.703 Thread 0x0000019612028890 DEOPT UNPACKING pc=0x00000196199923a3 sp=0x00000005431fe090 mode 2
Event: 2.747 Thread 0x0000019612028890 Uncommon trap: trap_request=0xffffff45 fr.pc=0x0000019621484244 relative=0x00000000000008c4
Event: 2.747 Thread 0x0000019612028890 Uncommon trap: reason=unstable_if action=reinterpret pc=0x0000019621484244 method=org.codehaus.plexus.util.xml.pull.MXParser.nextImpl()I @ 1162 c2
Event: 2.748 Thread 0x0000019612028890 DEOPT PACKING pc=0x0000019621484244 sp=0x00000005431fdd70
Event: 2.748 Thread 0x0000019612028890 DEOPT UNPACKING pc=0x00000196199923a3 sp=0x00000005431fdcf8 mode 2
Event: 2.748 Thread 0x0000019612028890 Uncommon trap: trap_request=0xffffff45 fr.pc=0x00000196214728c4 relative=0x0000000000000484
Event: 2.748 Thread 0x0000019612028890 Uncommon trap: reason=unstable_if action=reinterpret pc=0x00000196214728c4 method=java.lang.String.decodeASCII([BI[CII)I @ 7 c2
Event: 2.749 Thread 0x0000019612028890 DEOPT PACKING pc=0x00000196214728c4 sp=0x00000005431fd900
Event: 2.749 Thread 0x0000019612028890 DEOPT UNPACKING pc=0x00000196199923a3 sp=0x00000005431fd728 mode 2
Event: 2.750 Thread 0x0000019612028890 Uncommon trap: trap_request=0xffffff45 fr.pc=0x000001962146f560 relative=0x0000000000000260
Event: 2.750 Thread 0x0000019612028890 Uncommon trap: reason=unstable_if action=reinterpret pc=0x000001962146f560 method=java.lang.String.decodeASCII([BI[CII)I @ 7 c2
Event: 2.751 Thread 0x0000019612028890 DEOPT PACKING pc=0x000001962146f560 sp=0x00000005431fd7f0
Event: 2.751 Thread 0x0000019612028890 DEOPT UNPACKING pc=0x00000196199923a3 sp=0x00000005431fd720 mode 2
Event: 2.751 Thread 0x0000019612028890 Uncommon trap: trap_request=0xffffff45 fr.pc=0x00000196214953a0 relative=0x0000000000000200
Event: 2.751 Thread 0x0000019612028890 Uncommon trap: reason=unstable_if action=reinterpret pc=0x00000196214953a0 method=java.lang.StringUTF16.compress([CII)[B @ 13 c2
Event: 2.751 Thread 0x0000019612028890 DEOPT PACKING pc=0x00000196214953a0 sp=0x00000005431fdbf0
Event: 2.751 Thread 0x0000019612028890 DEOPT UNPACKING pc=0x00000196199923a3 sp=0x00000005431fdb78 mode 2

Classes loaded (20 events):
Event: 2.566 Loading class sun/nio/ch/FileKey
Event: 2.566 Loading class sun/nio/ch/FileKey done
Event: 2.566 Loading class sun/nio/ch/FileLockTable$FileLockReference
Event: 2.566 Loading class sun/nio/ch/FileLockTable$FileLockReference done
Event: 2.566 Loading class java/nio/channels/spi/AbstractInterruptibleChannel$1
Event: 2.566 Loading class sun/nio/ch/Interruptible
Event: 2.567 Loading class sun/nio/ch/Interruptible done
Event: 2.567 Loading class java/nio/channels/spi/AbstractInterruptibleChannel$1 done
Event: 2.568 Loading class java/util/AbstractMap$2
Event: 2.568 Loading class java/util/AbstractMap$2 done
Event: 2.568 Loading class java/util/AbstractMap$2$1
Event: 2.568 Loading class java/util/AbstractMap$2$1 done
Event: 2.632 Loading class sun/util/resources/LocaleData$CommonResourceBundleProvider
Event: 2.632 Loading class sun/util/resources/LocaleData$LocaleDataResourceBundleProvider
Event: 2.632 Loading class java/util/spi/ResourceBundleProvider
Event: 2.632 Loading class java/util/spi/ResourceBundleProvider done
Event: 2.632 Loading class sun/util/resources/LocaleData$LocaleDataResourceBundleProvider done
Event: 2.632 Loading class sun/util/resources/LocaleData$CommonResourceBundleProvider done
Event: 2.633 Loading class sun/util/resources/Bundles$2
Event: 2.633 Loading class sun/util/resources/Bundles$2 done

Classes unloaded (0 events):
No events

Classes redefined (0 events):
No events

Internal exceptions (20 events):
Event: 2.006 Thread 0x0000019612028890 Exception <a 'java/lang/ExceptionInInitializerError'{0x00000007143ee080}> (0x00000007143ee080) 
thrown [s\open\src\hotspot\share\oops\instanceKlass.cpp, line 1210]
Event: 2.030 Thread 0x0000019612028890 Exception <a 'java/lang/NoSuchMethodError'{0x000000071410c088}: 'long java.lang.invoke.DirectMethodHandle$Holder.invokeStatic(java.lang.Object, java.lang.Object, int)'> (0x000000071410c088) 
thrown [s\open\src\hotspot\share\interpreter\linkResolver.cpp, line 759]
Event: 2.032 Thread 0x0000019612028890 Exception <a 'java/lang/NoSuchMethodError'{0x0000000714122578}: 'java.lang.Object java.lang.invoke.DirectMethodHandle$Holder.invokeStatic(java.lang.Object, java.lang.Object, java.lang.Object, java.lang.Object, int)'> (0x0000000714122578) 
thrown [s\open\src\hotspot\share\interpreter\linkResolver.cpp, line 759]
Event: 2.033 Thread 0x0000019612028890 Exception <a 'java/lang/NoSuchMethodError'{0x000000071412ab38}: 'java.lang.Object java.lang.invoke.DirectMethodHandle$Holder.invokeSpecial(java.lang.Object, java.lang.Object, java.lang.Object, java.lang.Object, long)'> (0x000000071412ab38) 
thrown [s\open\src\hotspot\share\interpreter\linkResolver.cpp, line 759]
Event: 2.034 Thread 0x0000019612028890 Exception <a 'java/lang/NoSuchMethodError'{0x0000000714136d58}: 'java.lang.Object java.lang.invoke.DirectMethodHandle$Holder.invokeSpecial(java.lang.Object, java.lang.Object, java.lang.Object, int, java.lang.Object)'> (0x0000000714136d58) 
thrown [s\open\src\hotspot\share\interpreter\linkResolver.cpp, line 759]
Event: 2.036 Thread 0x0000019612028890 Exception <a 'java/lang/NoSuchMethodError'{0x000000071413f500}: 'int java.lang.invoke.DirectMethodHandle$Holder.invokeSpecial(java.lang.Object, java.lang.Object, java.lang.Object, int)'> (0x000000071413f500) 
thrown [s\open\src\hotspot\share\interpreter\linkResolver.cpp, line 759]
Event: 2.041 Thread 0x0000019612028890 Implicit null exception at 0x0000019621489b2f to 0x0000019621489c90
Event: 2.045 Thread 0x0000019612028890 Exception <a 'java/lang/NoSuchMethodError'{0x00000007141664c8}: 'java.lang.Object java.lang.invoke.Invokers$Holder.invokeExact_MT(java.lang.Object, int, java.lang.Object)'> (0x00000007141664c8) 
thrown [s\open\src\hotspot\share\interpreter\linkResolver.cpp, line 759]
Event: 2.269 Thread 0x0000019612028890 Exception <a 'java/lang/NoSuchMethodError'{0x00000007139a06d8}: 'void java.lang.invoke.Invokers$Holder.invokeExact_MT(java.lang.Object, java.lang.Object, java.lang.Object, java.lang.Object)'> (0x00000007139a06d8) 
thrown [s\open\src\hotspot\share\interpreter\linkResolver.cpp, line 759]
Event: 2.281 Thread 0x0000019612028890 Exception <a 'java/lang/NoClassDefFoundError'{0x0000000713634cd8}: com/google/inject/servlet/ServletModuleTargetVisitor> (0x0000000713634cd8) 
thrown [s\open\src\hotspot\share\classfile\systemDictionary.cpp, line 244]
Event: 2.356 Thread 0x0000019612028890 Exception <a 'java/lang/NoSuchMethodError'{0x00000007134ef0e0}: 'void java.lang.invoke.DirectMethodHandle$Holder.invokeVirtual(java.lang.Object, java.lang.Object)'> (0x00000007134ef0e0) 
thrown [s\open\src\hotspot\share\interpreter\linkResolver.cpp, line 759]
Event: 2.382 Thread 0x0000019612028890 Exception <a 'java/lang/NoSuchMethodError'{0x000000071357b940}: 'java.lang.Object java.lang.invoke.DirectMethodHandle$Holder.invokeStaticInit(java.lang.Object, int, int, int, int)'> (0x000000071357b940) 
thrown [s\open\src\hotspot\share\interpreter\linkResolver.cpp, line 759]
Event: 2.519 Thread 0x0000019612028890 Implicit null exception at 0x0000019621459a52 to 0x0000019621459f64
Event: 2.519 Thread 0x0000019612028890 Implicit null exception at 0x0000019621449ad2 to 0x0000019621449fdc
Event: 2.591 Thread 0x0000019612028890 Exception <a 'java/lang/NoSuchMethodError'{0x0000000712d3b738}: 'void java.lang.invoke.DirectMethodHandle$Holder.invokeSpecial(java.lang.Object, java.lang.Object, java.lang.Object, java.lang.Object, java.lang.Object)'> (0x0000000712d3b738) 
thrown [s\open\src\hotspot\share\interpreter\linkResolver.cpp, line 759]
Event: 2.600 Thread 0x0000019612028890 Exception <a 'java/lang/NoSuchMethodError'{0x0000000712d58d48}: 'java.lang.Object java.lang.invoke.DirectMethodHandle$Holder.invokeVirtual(java.lang.Object, java.lang.Object, java.lang.Object)'> (0x0000000712d58d48) 
thrown [s\open\src\hotspot\share\interpreter\linkResolver.cpp, line 759]
Event: 2.605 Thread 0x0000019612028890 Exception <a 'java/lang/NoSuchMethodError'{0x0000000712d67c38}: 'void java.lang.invoke.DirectMethodHandle$Holder.invokeSpecial(java.lang.Object, java.lang.Object, java.lang.Object, java.lang.Object, java.lang.Object, java.lang.Object)'> (0x0000000712d67c38) 
thrown [s\open\src\hotspot\share\interpreter\linkResolver.cpp, line 759]
Event: 2.686 Thread 0x0000019612028890 Exception <a 'java/lang/NoSuchMethodError'{0x0000000712b418d0}: 'void java.lang.invoke.DirectMethodHandle$Holder.invokeVirtual(java.lang.Object, java.lang.Object, int)'> (0x0000000712b418d0) 
thrown [s\open\src\hotspot\share\interpreter\linkResolver.cpp, line 759]
Event: 2.686 Thread 0x0000019612028890 Exception <a 'java/lang/NoSuchMethodError'{0x0000000712b45918}: 'void java.lang.invoke.DirectMethodHandle$Holder.invokeSpecial(java.lang.Object, java.lang.Object, java.lang.Object, int)'> (0x0000000712b45918) 
thrown [s\open\src\hotspot\share\interpreter\linkResolver.cpp, line 759]
Event: 2.687 Thread 0x0000019612028890 Exception <a 'java/lang/NoSuchMethodError'{0x0000000712b49250}: 'void java.lang.invoke.DelegatingMethodHandle$Holder.reinvoke_L(java.lang.Object, java.lang.Object, int)'> (0x0000000712b49250) 
thrown [s\open\src\hotspot\share\interpreter\linkResolver.cpp, line 759]

VM Operations (20 events):
Event: 2.095 Executing VM operation: HandshakeAllThreads
Event: 2.095 Executing VM operation: HandshakeAllThreads done
Event: 2.149 Executing VM operation: HandshakeAllThreads
Event: 2.149 Executing VM operation: HandshakeAllThreads done
Event: 2.183 Executing VM operation: ICBufferFull
Event: 2.183 Executing VM operation: ICBufferFull done
Event: 2.266 Executing VM operation: HandshakeAllThreads
Event: 2.266 Executing VM operation: HandshakeAllThreads done
Event: 2.372 Executing VM operation: HandshakeAllThreads
Event: 2.372 Executing VM operation: HandshakeAllThreads done
Event: 2.401 Executing VM operation: HandshakeAllThreads
Event: 2.401 Executing VM operation: HandshakeAllThreads done
Event: 2.445 Executing VM operation: HandshakeAllThreads
Event: 2.445 Executing VM operation: HandshakeAllThreads done
Event: 2.482 Executing VM operation: HandshakeAllThreads
Event: 2.482 Executing VM operation: HandshakeAllThreads done
Event: 2.483 Executing VM operation: HandshakeAllThreads
Event: 2.483 Executing VM operation: HandshakeAllThreads done
Event: 2.666 Executing VM operation: ICBufferFull
Event: 2.667 Executing VM operation: ICBufferFull done

Events (20 events):
Event: 0.039 Thread 0x0000019634db81c0 Thread added: 0x0000019634db81c0
Event: 0.047 Thread 0x00000196394d34e0 Thread added: 0x00000196394d34e0
Event: 0.053 Loaded shared library C:\Program Files\Java\jdk-18.0.2.1\bin\zip.dll
Event: 0.056 Loaded shared library C:\Program Files\Java\jdk-18.0.2.1\bin\instrument.dll
Event: 0.062 Loaded shared library C:\Program Files\Java\jdk-18.0.2.1\bin\net.dll
Event: 0.064 Loaded shared library C:\Program Files\Java\jdk-18.0.2.1\bin\nio.dll
Event: 0.067 Loaded shared library C:\Program Files\Java\jdk-18.0.2.1\bin\zip.dll
Event: 0.081 Loaded shared library C:\Program Files\JetBrains\IntelliJ IDEA Community Edition 2024.3.2.2\bin\breakgen64.dll
Event: 0.082 Thread 0x0000019639589830 Thread added: 0x0000019639589830
Event: 0.082 Thread 0x0000019639575550 Thread added: 0x0000019639575550
Event: 0.200 Thread 0x00000196397fdca0 Thread added: 0x00000196397fdca0
Event: 0.202 Loaded shared library C:\Program Files\Java\jdk-18.0.2.1\bin\jimage.dll
Event: 0.210 Thread 0x00000196397fdca0 Thread exited: 0x00000196397fdca0
Event: 0.482 Loaded shared library C:\Users\shiva\AppData\Local\Temp\jansi-2.4.1-5a8cd627efdd4d12-jansi.dll
Event: 0.483 Thread 0x00000196394d34e0 Thread exited: 0x00000196394d34e0
Event: 0.494 Loaded shared library C:\Program Files\Java\jdk-18.0.2.1\bin\verify.dll
Event: 0.817 Thread 0x000001963993db70 Thread added: 0x000001963993db70
Event: 1.194 Thread 0x0000019639c2be50 Thread added: 0x0000019639c2be50
Event: 1.970 Thread 0x0000019639c2be50 Thread exited: 0x0000019639c2be50
Event: 2.458 Thread 0x000001963a747a40 Thread added: 0x000001963a747a40


Dynamic libraries:
0x00007ff6e6f10000 - 0x00007ff6e6f20000 	C:\Program Files\Java\jdk-18.0.2.1\bin\java.exe
0x00007ffca37f0000 - 0x00007ffca3a07000 	C:\WINDOWS\SYSTEM32\ntdll.dll
0x00007ffca1d30000 - 0x00007ffca1df4000 	C:\WINDOWS\System32\KERNEL32.DLL
0x00007ffca0e10000 - 0x00007ffca11ca000 	C:\WINDOWS\System32\KERNELBASE.dll
0x00007ffc9ae80000 - 0x00007ffc9af17000 	C:\WINDOWS\SYSTEM32\apphelp.dll
0x00007ffca0b10000 - 0x00007ffca0c21000 	C:\WINDOWS\System32\ucrtbase.dll
0x00007ffc8fd80000 - 0x00007ffc8fd98000 	C:\Program Files\Java\jdk-18.0.2.1\bin\jli.dll
0x00007ffca1960000 - 0x00007ffca1a12000 	C:\WINDOWS\System32\ADVAPI32.dll
0x00007ffca1570000 - 0x00007ffca1617000 	C:\WINDOWS\System32\msvcrt.dll
0x00007ffc83f20000 - 0x00007ffc83f3a000 	C:\Program Files\Java\jdk-18.0.2.1\bin\VCRUNTIME140.dll
0x00007ffca2cf0000 - 0x00007ffca2d97000 	C:\WINDOWS\System32\sechost.dll
0x00007ffca0ae0000 - 0x00007ffca0b08000 	C:\WINDOWS\System32\bcrypt.dll
0x00007ffca1c10000 - 0x00007ffca1d24000 	C:\WINDOWS\System32\RPCRT4.dll
0x00007ffca2db0000 - 0x00007ffca2f5e000 	C:\WINDOWS\System32\USER32.dll
0x00007ffca0ab0000 - 0x00007ffca0ad6000 	C:\WINDOWS\System32\win32u.dll
0x00007ffca2b70000 - 0x00007ffca2b99000 	C:\WINDOWS\System32\GDI32.dll
0x00007ffca0c30000 - 0x00007ffca0d4b000 	C:\WINDOWS\System32\gdi32full.dll
0x00007ffca1250000 - 0x00007ffca12ea000 	C:\WINDOWS\System32\msvcp_win.dll
0x00007ffc842a0000 - 0x00007ffc84532000 	C:\WINDOWS\WinSxS\amd64_microsoft.windows.common-controls_6595b64144ccf1df_6.0.22621.4541_none_2710d1c57384c085\COMCTL32.dll
0x00007ffc96880000 - 0x00007ffc9688a000 	C:\WINDOWS\SYSTEM32\VERSION.dll
0x00007ffca1a20000 - 0x00007ffca1a51000 	C:\WINDOWS\System32\IMM32.DLL
0x00007ffc9be00000 - 0x00007ffc9be0c000 	C:\Program Files\Java\jdk-18.0.2.1\bin\vcruntime140_1.dll
0x00007ffc5e1b0000 - 0x00007ffc5e23d000 	C:\Program Files\Java\jdk-18.0.2.1\bin\msvcp140.dll
0x00007ffbde370000 - 0x00007ffbdef81000 	C:\Program Files\Java\jdk-18.0.2.1\bin\server\jvm.dll
0x00007ffca1620000 - 0x00007ffca1628000 	C:\WINDOWS\System32\PSAPI.DLL
0x00007ffc9ac00000 - 0x00007ffc9ac34000 	C:\WINDOWS\SYSTEM32\WINMM.dll
0x00007ffc97ae0000 - 0x00007ffc97ae9000 	C:\WINDOWS\SYSTEM32\WSOCK32.dll
0x00007ffca1870000 - 0x00007ffca18e1000 	C:\WINDOWS\System32\WS2_32.dll
0x00007ffc9fbe0000 - 0x00007ffc9fbf8000 	C:\WINDOWS\SYSTEM32\kernel.appcore.dll
0x00007ffc8e850000 - 0x00007ffc8e85a000 	C:\Program Files\Java\jdk-18.0.2.1\bin\jimage.dll
0x00007ffc9e480000 - 0x00007ffc9e6b2000 	C:\WINDOWS\SYSTEM32\DBGHELP.DLL
0x00007ffca1e00000 - 0x00007ffca2191000 	C:\WINDOWS\System32\combase.dll
0x00007ffca2ba0000 - 0x00007ffca2c77000 	C:\WINDOWS\System32\OLEAUT32.dll
0x00007ffc95330000 - 0x00007ffc95362000 	C:\WINDOWS\SYSTEM32\dbgcore.DLL
0x00007ffca11d0000 - 0x00007ffca124b000 	C:\WINDOWS\System32\bcryptPrimitives.dll
0x00007ffc9be80000 - 0x00007ffc9be8e000 	C:\Program Files\Java\jdk-18.0.2.1\bin\instrument.dll
0x00007ffc83df0000 - 0x00007ffc83e15000 	C:\Program Files\Java\jdk-18.0.2.1\bin\java.dll
0x00007ffc4dda0000 - 0x00007ffc4de76000 	C:\Program Files\Java\jdk-18.0.2.1\bin\jsvml.dll
0x00007ffca22a0000 - 0x00007ffca2b19000 	C:\WINDOWS\System32\SHELL32.dll
0x00007ffc9e9b0000 - 0x00007ffc9f2b9000 	C:\WINDOWS\SYSTEM32\windows.storage.dll
0x00007ffc9e870000 - 0x00007ffc9e9af000 	C:\WINDOWS\SYSTEM32\wintypes.dll
0x00007ffca16e0000 - 0x00007ffca17da000 	C:\WINDOWS\System32\SHCORE.dll
0x00007ffca2c90000 - 0x00007ffca2cee000 	C:\WINDOWS\System32\shlwapi.dll
0x00007ffca09e0000 - 0x00007ffca0a0b000 	C:\WINDOWS\SYSTEM32\profapi.dll
0x00007ffc82f30000 - 0x00007ffc82f48000 	C:\Program Files\Java\jdk-18.0.2.1\bin\zip.dll
0x00007ffc83be0000 - 0x00007ffc83bf3000 	C:\Program Files\Java\jdk-18.0.2.1\bin\net.dll
0x00007ffc9c320000 - 0x00007ffc9c456000 	C:\WINDOWS\SYSTEM32\WINHTTP.dll
0x00007ffca0060000 - 0x00007ffca00c9000 	C:\WINDOWS\system32\mswsock.dll
0x00007ffc82f50000 - 0x00007ffc82f66000 	C:\Program Files\Java\jdk-18.0.2.1\bin\nio.dll
0x00007ffc9be30000 - 0x00007ffc9be4a000 	C:\Program Files\JetBrains\IntelliJ IDEA Community Edition 2024.3.2.2\bin\breakgen64.dll
0x00007ffc7feb0000 - 0x00007ffc7fed4000 	C:\Users\shiva\AppData\Local\Temp\jansi-2.4.1-5a8cd627efdd4d12-jansi.dll
0x00007ffc9be20000 - 0x00007ffc9be30000 	C:\Program Files\Java\jdk-18.0.2.1\bin\verify.dll

dbghelp: loaded successfully - version: 4.0.5 - missing functions: none
symbol engine: initialized successfully - sym options: 0x614 - pdb path: .;C:\Program Files\Java\jdk-18.0.2.1\bin;C:\WINDOWS\SYSTEM32;C:\WINDOWS\WinSxS\amd64_microsoft.windows.common-controls_6595b64144ccf1df_6.0.22621.4541_none_2710d1c57384c085;C:\Program Files\Java\jdk-18.0.2.1\bin\server;C:\Program Files\JetBrains\IntelliJ IDEA Community Edition 2024.3.2.2\bin;C:\Users\shiva\AppData\Local\Temp

VM Arguments:
jvm_args: -Dmaven.multiModuleProjectDirectory=E:\SwitchCode\LibraryManagementSystemApplication -Djansi.passthrough=true -Dmaven.home=C:\Users\shiva\.m2\wrapper\dists\apache-maven-3.9.9-bin\4nf9hui3q3djbarqar9g711ggc\apache-maven-3.9.9 -Dclassworlds.conf=C:\Users\shiva\.m2\wrapper\dists\apache-maven-3.9.9-bin\4nf9hui3q3djbarqar9g711ggc\apache-maven-3.9.9\bin\m2.conf -Dmaven.ext.class.path=C:\Program Files\JetBrains\IntelliJ IDEA Community Edition 2024.3.2.2\plugins\maven\lib\maven-event-listener.jar -javaagent:C:\Program Files\JetBrains\IntelliJ IDEA Community Edition 2024.3.2.2\lib\idea_rt.jar=54946:C:\Program Files\JetBrains\IntelliJ IDEA Community Edition 2024.3.2.2\bin -Dfile.encoding=UTF-8 -Dsun.stdout.encoding=UTF-8 -Dsun.stderr.encoding=UTF-8 
java_command: org.codehaus.classworlds.Launcher -Didea.version=2024.3.2.2 clean install
java_class_path (initial): C:\Users\shiva\.m2\wrapper\dists\apache-maven-3.9.9-bin\4nf9hui3q3djbarqar9g711ggc\apache-maven-3.9.9\boot\plexus-classworlds-2.8.0.jar;C:\Users\shiva\.m2\wrapper\dists\apache-maven-3.9.9-bin\4nf9hui3q3djbarqar9g711ggc\apache-maven-3.9.9\boot\plexus-classworlds.license
Launcher Type: SUN_STANDARD

[Global flags]
     intx CICompilerCount                          = 4                                         {product} {ergonomic}
     uint ConcGCThreads                            = 3                                         {product} {ergonomic}
     uint G1ConcRefinementThreads                  = 10                                        {product} {ergonomic}
   size_t G1HeapRegionSize                         = 2097152                                   {product} {ergonomic}
    uintx GCDrainStackTargetSize                   = 64                                        {product} {ergonomic}
   size_t InitialHeapSize                          = 264241152                                 {product} {ergonomic}
   size_t MarkStackSize                            = 4194304                                   {product} {ergonomic}
   size_t MaxHeapSize                              = 4213178368                                {product} {ergonomic}
   size_t MaxNewSize                               = 2527068160                                {product} {ergonomic}
   size_t MinHeapDeltaBytes                        = 2097152                                   {product} {ergonomic}
   size_t MinHeapSize                              = 8388608                                   {product} {ergonomic}
    uintx NonNMethodCodeHeapSize                   = 5839372                                {pd product} {ergonomic}
    uintx NonProfiledCodeHeapSize                  = 122909434                              {pd product} {ergonomic}
    uintx ProfiledCodeHeapSize                     = 122909434                              {pd product} {ergonomic}
    uintx ReservedCodeCacheSize                    = 251658240                              {pd product} {ergonomic}
     bool SegmentedCodeCache                       = true                                      {product} {ergonomic}
   size_t SoftMaxHeapSize                          = 4213178368                             {manageable} {ergonomic}
     bool UseCompressedClassPointers               = true                           {product lp64_product} {ergonomic}
     bool UseCompressedOops                        = true                           {product lp64_product} {ergonomic}
     bool UseG1GC                                  = true                                      {product} {ergonomic}
     bool UseLargePagesIndividualAllocation        = false                                  {pd product} {ergonomic}

Logging:
Log output configuration:
 #0: stdout all=warning uptime,level,tags foldmultilines=false
 #1: stderr all=off uptime,level,tags foldmultilines=false

Environment Variables:
PATH=C:\Program Files\Common Files\Oracle\Java\javapath;C:\Windows\system32;C:\Windows;C:\Windows\System32\Wbem;C:\Windows\System32\WindowsPowerShell\v1.0\;C:\Windows\System32\OpenSSH\;C:\Program Files (x86)\NVIDIA Corporation\PhysX\Common;C:\Program Files\NVIDIA Corporation\NVIDIA NvDLISR;C:\Program Files\dotnet\;C:\Program Files\Java\jdk-18.0.2.1\bin;C:\Program Files\Git\cmd;C:\Program Files\nodejs\;;%SystemRoot%\system32;%SystemRoot%;%SystemRoot%\System32\Wbem;%SYSTEMROOT%\System32\WindowsPowerShell\v1.0\;%SYSTEMROOT%\System32\OpenSSH\;C:\Users\shiva\AppData\Local\Microsoft\WindowsApps;C:\Users\shiva\AppData\Local\GitHubDesktop\bin;C:\Users\shiva\AppData\Local\JetBrains\Toolbox\scripts;C:\Program Files\JetBrains\IntelliJ IDEA Community Edition 2022.2.1\bin;;C:\Users\shiva\AppData\Local\Programs\Microsoft VS Code\bin;C:\Users\shiva\AppData\Roaming\npm;C:\Program Files\nodejs;;C:\Users\shiva\AppData\Local\Microsoft\WindowsApps
USERNAME=shiva
OS=Windows_NT
PROCESSOR_IDENTIFIER=Intel64 Family 6 Model 154 Stepping 4, GenuineIntel



---------------  S Y S T E M  ---------------

OS:
 Windows 11 , 64 bit Build 22621 (10.0.22621.4391)
OS uptime: 0 days 14:55 hours
Hyper-V role detected

CPU: total 12 (initial active 12) (6 cores per cpu, 2 threads per core) family 6 model 154 stepping 4 microcode 0x435, cx8, cmov, fxsr, ht, mmx, 3dnowpref, sse, sse2, sse3, ssse3, sse4.1, sse4.2, popcnt, lzcnt, tsc, tscinvbit, avx, avx2, aes, erms, clmul, bmi1, bmi2, adx, sha, fma, vzeroupper, clflush, clflushopt, clwb, hv, serialize

Memory: 4k page, system-wide physical 16068M (508M free)
TotalPageFile size 61164M (AvailPageFile size 7M)
current process WorkingSet (physical memory assigned to process): 116M, peak: 117M
current process commit charge ("private bytes"): 381M, peak: 383M

vm_info: Java HotSpot(TM) 64-Bit Server VM (18.0.2.1+1-1) for windows-amd64 JRE (18.0.2.1+1-1), built on Aug 16 2022 01:46:33 by "mach5one" with MS VC++ 16.8 / 16.9 (VS2019)

END.
