#
# There is insufficient memory for the Java Runtime Environment to continue.
# Native memory allocation (malloc) failed to allocate 1357152 bytes for Chunk::new
# Possible reasons:
#   The system is out of physical RAM or swap space
#   The process is running with CompressedOops enabled, and the Java Heap may be blocking the growth of the native heap
# Possible solutions:
#   Reduce memory load on the system
#   Increase physical memory or swap space
#   Check if swap backing store is full
#   Decrease Java heap size (-Xmx/-Xms)
#   Decrease number of Java threads
#   Decrease Java thread stack sizes (-Xss)
#   Set larger code cache with -XX:ReservedCodeCacheSize=
#   JVM is running with Zero Based Compressed Oops mode in which the Java heap is
#     placed in the first 32GB address space. The Java Heap base address is the
#     maximum limit for the native heap growth. Please use -XX:HeapBaseMinAddress
#     to set the Java Heap base and to place the Java Heap above 32GB virtual address.
# This output file may be truncated or incomplete.
#
#  Out of Memory Error (arena.cpp:184), pid=2740, tid=20032
#
# JRE version: Java(TM) SE Runtime Environment (18.0.2.1+1) (build 18.0.2.1+1-1)
# Java VM: Java HotSpot(TM) 64-Bit Server VM (18.0.2.1+1-1, mixed mode, sharing, tiered, compressed oops, compressed class ptrs, g1 gc, windows-amd64)
# No core dump will be written. Minidumps are not enabled by default on client versions of Windows
#

---------------  S U M M A R Y ------------

Command Line: -Dmaven.multiModuleProjectDirectory=E:\SwitchCode\LibraryManagementSystemApplication -Djansi.passthrough=true -Dmaven.home=C:\Users\shiva\.m2\wrapper\dists\apache-maven-3.9.9-bin\4nf9hui3q3djbarqar9g711ggc\apache-maven-3.9.9 -Dclassworlds.conf=C:\Users\shiva\.m2\wrapper\dists\apache-maven-3.9.9-bin\4nf9hui3q3djbarqar9g711ggc\apache-maven-3.9.9\bin\m2.conf -Dmaven.ext.class.path=C:\Program Files\JetBrains\IntelliJ IDEA Community Edition 2024.3.2.2\plugins\maven\lib\maven-event-listener.jar -javaagent:C:\Program Files\JetBrains\IntelliJ IDEA Community Edition 2024.3.2.2\lib\idea_rt.jar=54944:C:\Program Files\JetBrains\IntelliJ IDEA Community Edition 2024.3.2.2\bin -Dfile.encoding=UTF-8 -Dsun.stdout.encoding=UTF-8 -Dsun.stderr.encoding=UTF-8 org.codehaus.classworlds.Launcher -Didea.version=2024.3.2.2 clean install

Host: 12th Gen Intel(R) Core(TM) i7-1255U, 12 cores, 15G,  Windows 11 , 64 bit Build 22621 (10.0.22621.4391)
Time: Thu Feb  6 23:10:26 2025 India Standard Time elapsed time: 3.782720 seconds (0d 0h 0m 3s)

---------------  T H R E A D  ---------------

Current thread (0x000001aea1ad8ab0):  JavaThread "C2 CompilerThread1" daemon [_thread_in_native, id=20032, stack(0x0000004ac8100000,0x0000004ac8200000)]


Current CompileTask:
C2:   3782 2403   !   4       java.net.URL::<init> (543 bytes)

Stack: [0x0000004ac8100000,0x0000004ac8200000]
Native frames: (J=compiled Java code, j=interpreted, Vv=VM code, C=native code)
V  [jvm.dll+0x6993aa]
V  [jvm.dll+0x7f46dd]
V  [jvm.dll+0x7f5fee]
V  [jvm.dll+0x7f66a3]
V  [jvm.dll+0x25cf1f]
V  [jvm.dll+0xb8c2f]
V  [jvm.dll+0xb8fa5]
V  [jvm.dll+0x3860cb]
V  [jvm.dll+0x34fe71]
V  [jvm.dll+0x34f30a]
V  [jvm.dll+0x230101]
V  [jvm.dll+0x22f4d1]
V  [jvm.dll+0x1ba01c]
V  [jvm.dll+0x23ee0a]
V  [jvm.dll+0x23d0f5]
V  [jvm.dll+0x7a6dd1]
V  [jvm.dll+0x7a120a]
V  [jvm.dll+0x698255]
C  [ucrtbase.dll+0x29333]
C  [KERNEL32.DLL+0x1259d]
C  [ntdll.dll+0x5af38]


---------------  P R O C E S S  ---------------

Threads class SMR info:
_java_thread_list=0x000001aea16da110, length=14, elements={
0x000001aef9128690, 0x000001aeff8a52c0, 0x000001aeff8a5f20, 0x000001aeff8be9b0,
0x000001aeff8bf350, 0x000001aeff8bfcf0, 0x000001aeff8c0690, 0x000001aeff8c1360,
0x000001aeff8c2350, 0x000001aeff8c6d50, 0x000001aeff88a730, 0x000001aea0a8dff0,
0x000001aea0a90800, 0x000001aea1ad8ab0
}

Java Threads: ( => current thread )
  0x000001aef9128690 JavaThread "main" [_thread_in_Java, id=20336, stack(0x0000004ac6500000,0x0000004ac6600000)]
  0x000001aeff8a52c0 JavaThread "Reference Handler" daemon [_thread_blocked, id=20964, stack(0x0000004ac6c00000,0x0000004ac6d00000)]
  0x000001aeff8a5f20 JavaThread "Finalizer" daemon [_thread_blocked, id=2516, stack(0x0000004ac6d00000,0x0000004ac6e00000)]
  0x000001aeff8be9b0 JavaThread "Signal Dispatcher" daemon [_thread_blocked, id=21320, stack(0x0000004ac6e00000,0x0000004ac6f00000)]
  0x000001aeff8bf350 JavaThread "Attach Listener" daemon [_thread_blocked, id=23928, stack(0x0000004ac6f00000,0x0000004ac7000000)]
  0x000001aeff8bfcf0 JavaThread "Service Thread" daemon [_thread_blocked, id=11996, stack(0x0000004ac7000000,0x0000004ac7100000)]
  0x000001aeff8c0690 JavaThread "Monitor Deflation Thread" daemon [_thread_blocked, id=11004, stack(0x0000004ac7100000,0x0000004ac7200000)]
  0x000001aeff8c1360 JavaThread "C2 CompilerThread0" daemon [_thread_blocked, id=14012, stack(0x0000004ac7200000,0x0000004ac7300000)]
  0x000001aeff8c2350 JavaThread "C1 CompilerThread0" daemon [_thread_blocked, id=9984, stack(0x0000004ac7300000,0x0000004ac7400000)]
  0x000001aeff8c6d50 JavaThread "Sweeper thread" daemon [_thread_blocked, id=4532, stack(0x0000004ac7400000,0x0000004ac7500000)]
  0x000001aeff88a730 JavaThread "Common-Cleaner" daemon [_thread_blocked, id=15932, stack(0x0000004ac7500000,0x0000004ac7600000)]
  0x000001aea0a8dff0 JavaThread "Monitor Ctrl-Break" daemon [_thread_in_native, id=664, stack(0x0000004ac7600000,0x0000004ac7700000)]
  0x000001aea0a90800 JavaThread "Notification Thread" daemon [_thread_blocked, id=1144, stack(0x0000004ac7700000,0x0000004ac7800000)]
=>0x000001aea1ad8ab0 JavaThread "C2 CompilerThread1" daemon [_thread_in_native, id=20032, stack(0x0000004ac8100000,0x0000004ac8200000)]

Other Threads:
  0x000001aeff725d10 VMThread "VM Thread" [stack: 0x0000004ac6b00000,0x0000004ac6c00000] [id=11140]
  0x000001aea0a8e4b0 WatcherThread "VM Periodic Task Thread" [stack: 0x0000004ac7800000,0x0000004ac7900000] [id=21056]
  0x000001aef91979d0 WorkerThread "GC Thread#0" [stack: 0x0000004ac6600000,0x0000004ac6700000] [id=20812]
  0x000001aea129a020 WorkerThread "GC Thread#1" [stack: 0x0000004ac7a00000,0x0000004ac7b00000] [id=7112]
  0x000001aea14f91f0 WorkerThread "GC Thread#2" [stack: 0x0000004ac7b00000,0x0000004ac7c00000] [id=24780]
  0x000001aea14f96a0 WorkerThread "GC Thread#3" [stack: 0x0000004ac7c00000,0x0000004ac7d00000] [id=21736]
  0x000001aea1483b80 WorkerThread "GC Thread#4" [stack: 0x0000004ac7d00000,0x0000004ac7e00000] [id=16392]
  0x000001aea1483640 WorkerThread "GC Thread#5" [stack: 0x0000004ac7e00000,0x0000004ac7f00000] [id=25108]
  0x000001aea1482e60 WorkerThread "GC Thread#6" [stack: 0x0000004ac7f00000,0x0000004ac8000000] [id=25772]
  0x000001aea1483e20 WorkerThread "GC Thread#7" [stack: 0x0000004ac7900000,0x0000004ac7a00000] [id=24208]
  0x000001aea14838e0 WorkerThread "GC Thread#8" [stack: 0x0000004ac8000000,0x0000004ac8100000] [id=20860]
  0x000001aef91a8410 ConcurrentGCThread "G1 Main Marker" [stack: 0x0000004ac6700000,0x0000004ac6800000] [id=21464]
  0x000001aef91a8e00 WorkerThread "G1 Conc#0" [stack: 0x0000004ac6800000,0x0000004ac6900000] [id=2844]
  0x000001aeff758c70 ConcurrentGCThread "G1 Refine#0" [stack: 0x0000004ac6900000,0x0000004ac6a00000] [id=10108]
  0x000001aeff759580 ConcurrentGCThread "G1 Service" [stack: 0x0000004ac6a00000,0x0000004ac6b00000] [id=14836]

Threads with active compile tasks:
C2 CompilerThread1     3864 2403   !   4       java.net.URL::<init> (543 bytes)

VM state: not at safepoint (normal execution)

VM Mutex/Monitor currently owned by a thread: None

Heap address: 0x0000000704e00000, size: 4018 MB, Compressed Oops mode: Zero based, Oop shift amount: 3

CDS archive(s) mapped at: [0x0000000800000000-0x0000000800ba0000-0x0000000800ba0000), size 12189696, SharedBaseAddress: 0x0000000800000000, ArchiveRelocationMode: 0.
Compressed class space mapped at: 0x0000000800c00000-0x0000000840c00000, reserved size: 1073741824
Narrow klass base: 0x0000000800000000, Narrow klass shift: 0, Narrow klass range: 0x100000000

GC Precious Log:
 CardTable entry size: 512
 Card Set container configuration: InlinePtr #cards 4 size 8 Array Of Cards #cards 16 size 48 Howl #buckets 8 coarsen threshold 3686 Howl Bitmap #cards 512 size 80 coarsen threshold 460 Card regions per heap region 1 cards per card region 4096
 CPUs: 12 total, 12 available
 Memory: 16068M
 Large Page Support: Disabled
 NUMA Support: Disabled
 Compressed Oops: Enabled (Zero based)
 Heap Region Size: 2M
 Heap Min Capacity: 8M
 Heap Initial Capacity: 252M
 Heap Max Capacity: 4018M
 Pre-touch: Disabled
 Parallel Workers: 10
 Concurrent Workers: 3
 Concurrent Refinement Workers: 10
 Periodic GC: Disabled

Heap:
 garbage-first heap   total 258048K, used 27927K [0x0000000704e00000, 0x0000000800000000)
  region size 2048K, 13 young (26624K), 1 survivors (2048K)
 Metaspace       used 13585K, committed 13824K, reserved 1114112K
  class space    used 1623K, committed 1728K, reserved 1048576K

Heap Regions: E=young(eden), S=young(survivor), O=old, HS=humongous(starts), HC=humongous(continues), CS=collection set, F=free, OA=open archive, CA=closed archive, TAMS=top-at-mark-start (previous, next)
|   0|0x0000000704e00000, 0x0000000705000000, 0x0000000705000000|100%| O|  |TAMS 0x0000000704e00000, 0x0000000704e00000| Untracked 
|   1|0x0000000705000000, 0x0000000705176000, 0x0000000705200000| 73%| O|  |TAMS 0x0000000705000000, 0x0000000705000000| Untracked 
|   2|0x0000000705200000, 0x0000000705200000, 0x0000000705400000|  0%| F|  |TAMS 0x0000000705200000, 0x0000000705200000| Untracked 
|   3|0x0000000705400000, 0x0000000705400000, 0x0000000705600000|  0%| F|  |TAMS 0x0000000705400000, 0x0000000705400000| Untracked 
|   4|0x0000000705600000, 0x0000000705600000, 0x0000000705800000|  0%| F|  |TAMS 0x0000000705600000, 0x0000000705600000| Untracked 
|   5|0x0000000705800000, 0x0000000705800000, 0x0000000705a00000|  0%| F|  |TAMS 0x0000000705800000, 0x0000000705800000| Untracked 
|   6|0x0000000705a00000, 0x0000000705a00000, 0x0000000705c00000|  0%| F|  |TAMS 0x0000000705a00000, 0x0000000705a00000| Untracked 
|   7|0x0000000705c00000, 0x0000000705c00000, 0x0000000705e00000|  0%| F|  |TAMS 0x0000000705c00000, 0x0000000705c00000| Untracked 
|   8|0x0000000705e00000, 0x0000000705e00000, 0x0000000706000000|  0%| F|  |TAMS 0x0000000705e00000, 0x0000000705e00000| Untracked 
|   9|0x0000000706000000, 0x0000000706000000, 0x0000000706200000|  0%| F|  |TAMS 0x0000000706000000, 0x0000000706000000| Untracked 
|  10|0x0000000706200000, 0x0000000706200000, 0x0000000706400000|  0%| F|  |TAMS 0x0000000706200000, 0x0000000706200000| Untracked 
|  11|0x0000000706400000, 0x0000000706400000, 0x0000000706600000|  0%| F|  |TAMS 0x0000000706400000, 0x0000000706400000| Untracked 
|  12|0x0000000706600000, 0x0000000706600000, 0x0000000706800000|  0%| F|  |TAMS 0x0000000706600000, 0x0000000706600000| Untracked 
|  13|0x0000000706800000, 0x0000000706800000, 0x0000000706a00000|  0%| F|  |TAMS 0x0000000706800000, 0x0000000706800000| Untracked 
|  14|0x0000000706a00000, 0x0000000706a00000, 0x0000000706c00000|  0%| F|  |TAMS 0x0000000706a00000, 0x0000000706a00000| Untracked 
|  15|0x0000000706c00000, 0x0000000706c00000, 0x0000000706e00000|  0%| F|  |TAMS 0x0000000706c00000, 0x0000000706c00000| Untracked 
|  16|0x0000000706e00000, 0x0000000706e00000, 0x0000000707000000|  0%| F|  |TAMS 0x0000000706e00000, 0x0000000706e00000| Untracked 
|  17|0x0000000707000000, 0x0000000707000000, 0x0000000707200000|  0%| F|  |TAMS 0x0000000707000000, 0x0000000707000000| Untracked 
|  18|0x0000000707200000, 0x0000000707200000, 0x0000000707400000|  0%| F|  |TAMS 0x0000000707200000, 0x0000000707200000| Untracked 
|  19|0x0000000707400000, 0x0000000707400000, 0x0000000707600000|  0%| F|  |TAMS 0x0000000707400000, 0x0000000707400000| Untracked 
|  20|0x0000000707600000, 0x0000000707600000, 0x0000000707800000|  0%| F|  |TAMS 0x0000000707600000, 0x0000000707600000| Untracked 
|  21|0x0000000707800000, 0x0000000707800000, 0x0000000707a00000|  0%| F|  |TAMS 0x0000000707800000, 0x0000000707800000| Untracked 
|  22|0x0000000707a00000, 0x0000000707a00000, 0x0000000707c00000|  0%| F|  |TAMS 0x0000000707a00000, 0x0000000707a00000| Untracked 
|  23|0x0000000707c00000, 0x0000000707c00000, 0x0000000707e00000|  0%| F|  |TAMS 0x0000000707c00000, 0x0000000707c00000| Untracked 
|  24|0x0000000707e00000, 0x0000000707e00000, 0x0000000708000000|  0%| F|  |TAMS 0x0000000707e00000, 0x0000000707e00000| Untracked 
|  25|0x0000000708000000, 0x0000000708000000, 0x0000000708200000|  0%| F|  |TAMS 0x0000000708000000, 0x0000000708000000| Untracked 
|  26|0x0000000708200000, 0x0000000708200000, 0x0000000708400000|  0%| F|  |TAMS 0x0000000708200000, 0x0000000708200000| Untracked 
|  27|0x0000000708400000, 0x0000000708400000, 0x0000000708600000|  0%| F|  |TAMS 0x0000000708400000, 0x0000000708400000| Untracked 
|  28|0x0000000708600000, 0x0000000708600000, 0x0000000708800000|  0%| F|  |TAMS 0x0000000708600000, 0x0000000708600000| Untracked 
|  29|0x0000000708800000, 0x0000000708800000, 0x0000000708a00000|  0%| F|  |TAMS 0x0000000708800000, 0x0000000708800000| Untracked 
|  30|0x0000000708a00000, 0x0000000708a00000, 0x0000000708c00000|  0%| F|  |TAMS 0x0000000708a00000, 0x0000000708a00000| Untracked 
|  31|0x0000000708c00000, 0x0000000708c00000, 0x0000000708e00000|  0%| F|  |TAMS 0x0000000708c00000, 0x0000000708c00000| Untracked 
|  32|0x0000000708e00000, 0x0000000708e00000, 0x0000000709000000|  0%| F|  |TAMS 0x0000000708e00000, 0x0000000708e00000| Untracked 
|  33|0x0000000709000000, 0x0000000709000000, 0x0000000709200000|  0%| F|  |TAMS 0x0000000709000000, 0x0000000709000000| Untracked 
|  34|0x0000000709200000, 0x0000000709200000, 0x0000000709400000|  0%| F|  |TAMS 0x0000000709200000, 0x0000000709200000| Untracked 
|  35|0x0000000709400000, 0x0000000709400000, 0x0000000709600000|  0%| F|  |TAMS 0x0000000709400000, 0x0000000709400000| Untracked 
|  36|0x0000000709600000, 0x0000000709600000, 0x0000000709800000|  0%| F|  |TAMS 0x0000000709600000, 0x0000000709600000| Untracked 
|  37|0x0000000709800000, 0x0000000709800000, 0x0000000709a00000|  0%| F|  |TAMS 0x0000000709800000, 0x0000000709800000| Untracked 
|  38|0x0000000709a00000, 0x0000000709a00000, 0x0000000709c00000|  0%| F|  |TAMS 0x0000000709a00000, 0x0000000709a00000| Untracked 
|  39|0x0000000709c00000, 0x0000000709c00000, 0x0000000709e00000|  0%| F|  |TAMS 0x0000000709c00000, 0x0000000709c00000| Untracked 
|  40|0x0000000709e00000, 0x0000000709e00000, 0x000000070a000000|  0%| F|  |TAMS 0x0000000709e00000, 0x0000000709e00000| Untracked 
|  41|0x000000070a000000, 0x000000070a000000, 0x000000070a200000|  0%| F|  |TAMS 0x000000070a000000, 0x000000070a000000| Untracked 
|  42|0x000000070a200000, 0x000000070a200000, 0x000000070a400000|  0%| F|  |TAMS 0x000000070a200000, 0x000000070a200000| Untracked 
|  43|0x000000070a400000, 0x000000070a400000, 0x000000070a600000|  0%| F|  |TAMS 0x000000070a400000, 0x000000070a400000| Untracked 
|  44|0x000000070a600000, 0x000000070a600000, 0x000000070a800000|  0%| F|  |TAMS 0x000000070a600000, 0x000000070a600000| Untracked 
|  45|0x000000070a800000, 0x000000070a800000, 0x000000070aa00000|  0%| F|  |TAMS 0x000000070a800000, 0x000000070a800000| Untracked 
|  46|0x000000070aa00000, 0x000000070aa00000, 0x000000070ac00000|  0%| F|  |TAMS 0x000000070aa00000, 0x000000070aa00000| Untracked 
|  47|0x000000070ac00000, 0x000000070ac00000, 0x000000070ae00000|  0%| F|  |TAMS 0x000000070ac00000, 0x000000070ac00000| Untracked 
|  48|0x000000070ae00000, 0x000000070ae00000, 0x000000070b000000|  0%| F|  |TAMS 0x000000070ae00000, 0x000000070ae00000| Untracked 
|  49|0x000000070b000000, 0x000000070b000000, 0x000000070b200000|  0%| F|  |TAMS 0x000000070b000000, 0x000000070b000000| Untracked 
|  50|0x000000070b200000, 0x000000070b200000, 0x000000070b400000|  0%| F|  |TAMS 0x000000070b200000, 0x000000070b200000| Untracked 
|  51|0x000000070b400000, 0x000000070b400000, 0x000000070b600000|  0%| F|  |TAMS 0x000000070b400000, 0x000000070b400000| Untracked 
|  52|0x000000070b600000, 0x000000070b600000, 0x000000070b800000|  0%| F|  |TAMS 0x000000070b600000, 0x000000070b600000| Untracked 
|  53|0x000000070b800000, 0x000000070b800000, 0x000000070ba00000|  0%| F|  |TAMS 0x000000070b800000, 0x000000070b800000| Untracked 
|  54|0x000000070ba00000, 0x000000070ba00000, 0x000000070bc00000|  0%| F|  |TAMS 0x000000070ba00000, 0x000000070ba00000| Untracked 
|  55|0x000000070bc00000, 0x000000070bc00000, 0x000000070be00000|  0%| F|  |TAMS 0x000000070bc00000, 0x000000070bc00000| Untracked 
|  56|0x000000070be00000, 0x000000070be00000, 0x000000070c000000|  0%| F|  |TAMS 0x000000070be00000, 0x000000070be00000| Untracked 
|  57|0x000000070c000000, 0x000000070c000000, 0x000000070c200000|  0%| F|  |TAMS 0x000000070c000000, 0x000000070c000000| Untracked 
|  58|0x000000070c200000, 0x000000070c200000, 0x000000070c400000|  0%| F|  |TAMS 0x000000070c200000, 0x000000070c200000| Untracked 
|  59|0x000000070c400000, 0x000000070c400000, 0x000000070c600000|  0%| F|  |TAMS 0x000000070c400000, 0x000000070c400000| Untracked 
|  60|0x000000070c600000, 0x000000070c600000, 0x000000070c800000|  0%| F|  |TAMS 0x000000070c600000, 0x000000070c600000| Untracked 
|  61|0x000000070c800000, 0x000000070c800000, 0x000000070ca00000|  0%| F|  |TAMS 0x000000070c800000, 0x000000070c800000| Untracked 
|  62|0x000000070ca00000, 0x000000070ca00000, 0x000000070cc00000|  0%| F|  |TAMS 0x000000070ca00000, 0x000000070ca00000| Untracked 
|  63|0x000000070cc00000, 0x000000070cc00000, 0x000000070ce00000|  0%| F|  |TAMS 0x000000070cc00000, 0x000000070cc00000| Untracked 
|  64|0x000000070ce00000, 0x000000070ce00000, 0x000000070d000000|  0%| F|  |TAMS 0x000000070ce00000, 0x000000070ce00000| Untracked 
|  65|0x000000070d000000, 0x000000070d000000, 0x000000070d200000|  0%| F|  |TAMS 0x000000070d000000, 0x000000070d000000| Untracked 
|  66|0x000000070d200000, 0x000000070d200000, 0x000000070d400000|  0%| F|  |TAMS 0x000000070d200000, 0x000000070d200000| Untracked 
|  67|0x000000070d400000, 0x000000070d400000, 0x000000070d600000|  0%| F|  |TAMS 0x000000070d400000, 0x000000070d400000| Untracked 
|  68|0x000000070d600000, 0x000000070d600000, 0x000000070d800000|  0%| F|  |TAMS 0x000000070d600000, 0x000000070d600000| Untracked 
|  69|0x000000070d800000, 0x000000070d800000, 0x000000070da00000|  0%| F|  |TAMS 0x000000070d800000, 0x000000070d800000| Untracked 
|  70|0x000000070da00000, 0x000000070da00000, 0x000000070dc00000|  0%| F|  |TAMS 0x000000070da00000, 0x000000070da00000| Untracked 
|  71|0x000000070dc00000, 0x000000070dc00000, 0x000000070de00000|  0%| F|  |TAMS 0x000000070dc00000, 0x000000070dc00000| Untracked 
|  72|0x000000070de00000, 0x000000070de00000, 0x000000070e000000|  0%| F|  |TAMS 0x000000070de00000, 0x000000070de00000| Untracked 
|  73|0x000000070e000000, 0x000000070e000000, 0x000000070e200000|  0%| F|  |TAMS 0x000000070e000000, 0x000000070e000000| Untracked 
|  74|0x000000070e200000, 0x000000070e200000, 0x000000070e400000|  0%| F|  |TAMS 0x000000070e200000, 0x000000070e200000| Untracked 
|  75|0x000000070e400000, 0x000000070e400000, 0x000000070e600000|  0%| F|  |TAMS 0x000000070e400000, 0x000000070e400000| Untracked 
|  76|0x000000070e600000, 0x000000070e600000, 0x000000070e800000|  0%| F|  |TAMS 0x000000070e600000, 0x000000070e600000| Untracked 
|  77|0x000000070e800000, 0x000000070e800000, 0x000000070ea00000|  0%| F|  |TAMS 0x000000070e800000, 0x000000070e800000| Untracked 
|  78|0x000000070ea00000, 0x000000070ea00000, 0x000000070ec00000|  0%| F|  |TAMS 0x000000070ea00000, 0x000000070ea00000| Untracked 
|  79|0x000000070ec00000, 0x000000070ec00000, 0x000000070ee00000|  0%| F|  |TAMS 0x000000070ec00000, 0x000000070ec00000| Untracked 
|  80|0x000000070ee00000, 0x000000070ee00000, 0x000000070f000000|  0%| F|  |TAMS 0x000000070ee00000, 0x000000070ee00000| Untracked 
|  81|0x000000070f000000, 0x000000070f000000, 0x000000070f200000|  0%| F|  |TAMS 0x000000070f000000, 0x000000070f000000| Untracked 
|  82|0x000000070f200000, 0x000000070f200000, 0x000000070f400000|  0%| F|  |TAMS 0x000000070f200000, 0x000000070f200000| Untracked 
|  83|0x000000070f400000, 0x000000070f400000, 0x000000070f600000|  0%| F|  |TAMS 0x000000070f400000, 0x000000070f400000| Untracked 
|  84|0x000000070f600000, 0x000000070f600000, 0x000000070f800000|  0%| F|  |TAMS 0x000000070f600000, 0x000000070f600000| Untracked 
|  85|0x000000070f800000, 0x000000070f800000, 0x000000070fa00000|  0%| F|  |TAMS 0x000000070f800000, 0x000000070f800000| Untracked 
|  86|0x000000070fa00000, 0x000000070fa00000, 0x000000070fc00000|  0%| F|  |TAMS 0x000000070fa00000, 0x000000070fa00000| Untracked 
|  87|0x000000070fc00000, 0x000000070fc00000, 0x000000070fe00000|  0%| F|  |TAMS 0x000000070fc00000, 0x000000070fc00000| Untracked 
|  88|0x000000070fe00000, 0x000000070fe00000, 0x0000000710000000|  0%| F|  |TAMS 0x000000070fe00000, 0x000000070fe00000| Untracked 
|  89|0x0000000710000000, 0x0000000710000000, 0x0000000710200000|  0%| F|  |TAMS 0x0000000710000000, 0x0000000710000000| Untracked 
|  90|0x0000000710200000, 0x0000000710200000, 0x0000000710400000|  0%| F|  |TAMS 0x0000000710200000, 0x0000000710200000| Untracked 
|  91|0x0000000710400000, 0x0000000710400000, 0x0000000710600000|  0%| F|  |TAMS 0x0000000710400000, 0x0000000710400000| Untracked 
|  92|0x0000000710600000, 0x0000000710600000, 0x0000000710800000|  0%| F|  |TAMS 0x0000000710600000, 0x0000000710600000| Untracked 
|  93|0x0000000710800000, 0x0000000710800000, 0x0000000710a00000|  0%| F|  |TAMS 0x0000000710800000, 0x0000000710800000| Untracked 
|  94|0x0000000710a00000, 0x0000000710a00000, 0x0000000710c00000|  0%| F|  |TAMS 0x0000000710a00000, 0x0000000710a00000| Untracked 
|  95|0x0000000710c00000, 0x0000000710c00000, 0x0000000710e00000|  0%| F|  |TAMS 0x0000000710c00000, 0x0000000710c00000| Untracked 
|  96|0x0000000710e00000, 0x0000000710e00000, 0x0000000711000000|  0%| F|  |TAMS 0x0000000710e00000, 0x0000000710e00000| Untracked 
|  97|0x0000000711000000, 0x0000000711000000, 0x0000000711200000|  0%| F|  |TAMS 0x0000000711000000, 0x0000000711000000| Untracked 
|  98|0x0000000711200000, 0x0000000711200000, 0x0000000711400000|  0%| F|  |TAMS 0x0000000711200000, 0x0000000711200000| Untracked 
|  99|0x0000000711400000, 0x0000000711400000, 0x0000000711600000|  0%| F|  |TAMS 0x0000000711400000, 0x0000000711400000| Untracked 
| 100|0x0000000711600000, 0x0000000711600000, 0x0000000711800000|  0%| F|  |TAMS 0x0000000711600000, 0x0000000711600000| Untracked 
| 101|0x0000000711800000, 0x0000000711800000, 0x0000000711a00000|  0%| F|  |TAMS 0x0000000711800000, 0x0000000711800000| Untracked 
| 102|0x0000000711a00000, 0x0000000711a00000, 0x0000000711c00000|  0%| F|  |TAMS 0x0000000711a00000, 0x0000000711a00000| Untracked 
| 103|0x0000000711c00000, 0x0000000711c00000, 0x0000000711e00000|  0%| F|  |TAMS 0x0000000711c00000, 0x0000000711c00000| Untracked 
| 104|0x0000000711e00000, 0x0000000711e00000, 0x0000000712000000|  0%| F|  |TAMS 0x0000000711e00000, 0x0000000711e00000| Untracked 
| 105|0x0000000712000000, 0x0000000712000000, 0x0000000712200000|  0%| F|  |TAMS 0x0000000712000000, 0x0000000712000000| Untracked 
| 106|0x0000000712200000, 0x0000000712200000, 0x0000000712400000|  0%| F|  |TAMS 0x0000000712200000, 0x0000000712200000| Untracked 
| 107|0x0000000712400000, 0x0000000712400000, 0x0000000712600000|  0%| F|  |TAMS 0x0000000712400000, 0x0000000712400000| Untracked 
| 108|0x0000000712600000, 0x00000007127cfca8, 0x0000000712800000| 90%| S|CS|TAMS 0x0000000712600000, 0x0000000712600000| Complete 
| 109|0x0000000712800000, 0x0000000712800000, 0x0000000712a00000|  0%| F|  |TAMS 0x0000000712800000, 0x0000000712800000| Untracked 
| 110|0x0000000712a00000, 0x0000000712a00000, 0x0000000712c00000|  0%| F|  |TAMS 0x0000000712a00000, 0x0000000712a00000| Untracked 
| 111|0x0000000712c00000, 0x0000000712c00000, 0x0000000712e00000|  0%| F|  |TAMS 0x0000000712c00000, 0x0000000712c00000| Untracked 
| 112|0x0000000712e00000, 0x0000000712e00000, 0x0000000713000000|  0%| F|  |TAMS 0x0000000712e00000, 0x0000000712e00000| Untracked 
| 113|0x0000000713000000, 0x0000000713000000, 0x0000000713200000|  0%| F|  |TAMS 0x0000000713000000, 0x0000000713000000| Untracked 
| 114|0x0000000713200000, 0x00000007133df500, 0x0000000713400000| 93%| E|  |TAMS 0x0000000713200000, 0x0000000713200000| Complete 
| 115|0x0000000713400000, 0x0000000713600000, 0x0000000713600000|100%| E|CS|TAMS 0x0000000713400000, 0x0000000713400000| Complete 
| 116|0x0000000713600000, 0x0000000713800000, 0x0000000713800000|100%| E|CS|TAMS 0x0000000713600000, 0x0000000713600000| Complete 
| 117|0x0000000713800000, 0x0000000713a00000, 0x0000000713a00000|100%| E|CS|TAMS 0x0000000713800000, 0x0000000713800000| Complete 
| 118|0x0000000713a00000, 0x0000000713c00000, 0x0000000713c00000|100%| E|CS|TAMS 0x0000000713a00000, 0x0000000713a00000| Complete 
| 119|0x0000000713c00000, 0x0000000713e00000, 0x0000000713e00000|100%| E|CS|TAMS 0x0000000713c00000, 0x0000000713c00000| Complete 
| 120|0x0000000713e00000, 0x0000000714000000, 0x0000000714000000|100%| E|CS|TAMS 0x0000000713e00000, 0x0000000713e00000| Complete 
| 121|0x0000000714000000, 0x0000000714200000, 0x0000000714200000|100%| E|CS|TAMS 0x0000000714000000, 0x0000000714000000| Complete 
| 122|0x0000000714200000, 0x0000000714400000, 0x0000000714400000|100%| E|CS|TAMS 0x0000000714200000, 0x0000000714200000| Complete 
| 123|0x0000000714400000, 0x0000000714600000, 0x0000000714600000|100%| E|CS|TAMS 0x0000000714400000, 0x0000000714400000| Complete 
| 124|0x0000000714600000, 0x0000000714800000, 0x0000000714800000|100%| E|CS|TAMS 0x0000000714600000, 0x0000000714600000| Complete 
| 125|0x0000000714800000, 0x0000000714a00000, 0x0000000714a00000|100%| E|CS|TAMS 0x0000000714800000, 0x0000000714800000| Complete 

Card table byte_map: [0x000001aef9f00000,0x000001aefa6e0000] _byte_map_base: 0x000001aef66d9000

Marking Bits (Prev, Next): (CMBitMap*) 0x000001aef9197fd0, (CMBitMap*) 0x000001aef9198010
 Prev Bits: [0x000001aefaec0000, 0x000001aefed88000)
 Next Bits: [0x000001ae96870000, 0x000001ae9a738000)

Polling page: 0x000001aef88d0000

Metaspace:

Usage:
  Non-class:     11.70 MB used.
      Class:      1.59 MB used.
       Both:     13.28 MB used.

Virtual space:
  Non-class space:       64.00 MB reserved,      11.81 MB ( 18%) committed,  1 nodes.
      Class space:        1.00 GB reserved,       1.69 MB ( <1%) committed,  1 nodes.
             Both:        1.06 GB reserved,      13.50 MB (  1%) committed. 

Chunk freelists:
   Non-Class:  3.53 MB
       Class:  2.27 MB
        Both:  5.80 MB

MaxMetaspaceSize: unlimited
CompressedClassSpaceSize: 1.00 GB
Initial GC threshold: 21.00 MB
Current GC threshold: 21.00 MB
CDS: on
MetaspaceReclaimPolicy: balanced
 - commit_granule_bytes: 65536.
 - commit_granule_words: 8192.
 - virtual_space_node_default_size: 8388608.
 - enlarge_chunks_in_place: 1.
 - new_chunks_are_fully_committed: 0.
 - uncommit_free_chunks: 1.
 - use_allocation_guard: 0.


Internal statistics:

num_allocs_failed_limit: 0.
num_arena_births: 148.
num_arena_deaths: 0.
num_vsnodes_births: 2.
num_vsnodes_deaths: 0.
num_space_committed: 216.
num_space_uncommitted: 0.
num_chunks_returned_to_freelist: 0.
num_chunks_taken_from_freelist: 601.
num_chunk_merges: 0.
num_chunk_splits: 411.
num_chunks_enlarged: 331.
num_inconsistent_stats: 0.

CodeHeap 'non-profiled nmethods': size=120000Kb used=982Kb max_used=982Kb free=119017Kb
 bounds [0x000001ae8f340000, 0x000001ae8f5b0000, 0x000001ae96870000]
CodeHeap 'profiled nmethods': size=120000Kb used=5211Kb max_used=5211Kb free=114788Kb
 bounds [0x000001ae87e10000, 0x000001ae88330000, 0x000001ae8f340000]
CodeHeap 'non-nmethods': size=5760Kb used=1187Kb max_used=1201Kb free=4572Kb
 bounds [0x000001ae87870000, 0x000001ae87ae0000, 0x000001ae87e10000]
 total_blobs=3073 nmethods=2606 adapters=379
 compilation: enabled
              stopped_count=0, restarted_count=0
 full_count=0

Compilation events (20 events):
Event: 3.768 Thread 0x000001aeff8c2350 2542       3       java.lang.invoke.MethodHandles$Lookup::unreflectField (126 bytes)
Event: 3.769 Thread 0x000001aeff8c2350 nmethod 2542 0x000001ae882fdb10 code [0x000001ae882fdd40, 0x000001ae882fe648]
Event: 3.769 Thread 0x000001aeff8c2350 2543       3       java.lang.invoke.MemberName::<init> (108 bytes)
Event: 3.769 Thread 0x000001aeff8c2350 nmethod 2543 0x000001ae882fe910 code [0x000001ae882feb00, 0x000001ae882ff028]
Event: 3.769 Thread 0x000001aeff8c2350 2544       3       java.lang.invoke.MethodHandles$Lookup::getDirectFieldNoSecurityManager (12 bytes)
Event: 3.770 Thread 0x000001aeff8c2350 nmethod 2544 0x000001ae882ff210 code [0x000001ae882ff3a0, 0x000001ae882ff4e8]
Event: 3.770 Thread 0x000001aeff8c2350 2547       3       java.util.Collections$EmptyMap::entrySet (4 bytes)
Event: 3.770 Thread 0x000001aeff8c2350 nmethod 2547 0x000001ae882ff590 code [0x000001ae882ff720, 0x000001ae882ff898]
Event: 3.772 Thread 0x000001aeff8c2350 2548       3       java.lang.invoke.LambdaFormEditor$TransformKey::packedBytes (39 bytes)
Event: 3.773 Thread 0x000001aeff8c2350 nmethod 2548 0x000001ae882ff990 code [0x000001ae882ffb20, 0x000001ae882ffc38]
Event: 3.773 Thread 0x000001aeff8c2350 2549       3       com.google.inject.internal.Annotations::isBindingAnnotation (8 bytes)
Event: 3.774 Thread 0x000001aeff8c2350 nmethod 2549 0x000001ae882ffd10 code [0x000001ae882fff00, 0x000001ae88300508]
Event: 3.774 Thread 0x000001aeff8c2350 2552       3       sun.reflect.generics.parser.SignatureParser::parseClassTypeSignature (118 bytes)
Event: 3.775 Thread 0x000001aeff8c1360 2556       4       java.util.concurrent.ConcurrentHashMap::get (162 bytes)
Event: 3.777 Thread 0x000001aeff8c2350 nmethod 2552 0x000001ae88300810 code [0x000001ae88300ba0, 0x000001ae883020b8]
Event: 3.777 Thread 0x000001aeff8c2350 2553       3       sun.reflect.generics.parser.SignatureParser::parseClassTypeSignatureSuffix (29 bytes)
Event: 3.777 Thread 0x000001aeff8c2350 nmethod 2553 0x000001ae88302810 code [0x000001ae883029e0, 0x000001ae88302d18]
Event: 3.777 Thread 0x000001aeff8c2350 2554       3       sun.reflect.generics.tree.ClassTypeSignature::make (9 bytes)
Event: 3.778 Thread 0x000001aeff8c2350 nmethod 2554 0x000001ae88302e90 code [0x000001ae88303040, 0x000001ae883032b8]
Event: 3.778 Thread 0x000001aeff8c2350 2555       3       sun.reflect.generics.tree.ClassTypeSignature::<init> (10 bytes)

GC Heap History (4 events):
Event: 1.539 GC heap before
{Heap before GC invocations=0 (full 0):
 garbage-first heap   total 258048K, used 22528K [0x0000000704e00000, 0x0000000800000000)
  region size 2048K, 11 young (22528K), 0 survivors (0K)
 Metaspace       used 5787K, committed 6016K, reserved 1114112K
  class space    used 675K, committed 768K, reserved 1048576K
}
Event: 1.551 GC heap after
{Heap after GC invocations=1 (full 0):
 garbage-first heap   total 258048K, used 3958K [0x0000000704e00000, 0x0000000800000000)
  region size 2048K, 2 young (4096K), 2 survivors (4096K)
 Metaspace       used 5787K, committed 6016K, reserved 1114112K
  class space    used 675K, committed 768K, reserved 1048576K
}
Event: 2.645 GC heap before
{Heap before GC invocations=1 (full 0):
 garbage-first heap   total 258048K, used 34678K [0x0000000704e00000, 0x0000000800000000)
  region size 2048K, 17 young (34816K), 2 survivors (4096K)
 Metaspace       used 9394K, committed 9472K, reserved 1114112K
  class space    used 1118K, committed 1152K, reserved 1048576K
}
Event: 2.654 GC heap after
{Heap after GC invocations=2 (full 0):
 garbage-first heap   total 258048K, used 5399K [0x0000000704e00000, 0x0000000800000000)
  region size 2048K, 1 young (2048K), 1 survivors (2048K)
 Metaspace       used 9394K, committed 9472K, reserved 1114112K
  class space    used 1118K, committed 1152K, reserved 1048576K
}

Deoptimization events (20 events):
Event: 3.413 Thread 0x000001aef9128690 Uncommon trap: trap_request=0xffffffbe fr.pc=0x000001ae8f4207fc relative=0x000000000000033c
Event: 3.413 Thread 0x000001aef9128690 Uncommon trap: reason=profile_predicate action=maybe_recompile pc=0x000001ae8f4207fc method=com.google.inject.internal.aop.ImmutableStringTrie.nextPivotColumn([Ljava/lang/String;III)I @ 21 c2
Event: 3.413 Thread 0x000001aef9128690 DEOPT PACKING pc=0x000001ae8f4207fc sp=0x0000004ac65fd3d0
Event: 3.413 Thread 0x000001aef9128690 DEOPT UNPACKING pc=0x000001ae878c23a3 sp=0x0000004ac65fd360 mode 2
Event: 3.416 Thread 0x000001aef9128690 Uncommon trap: trap_request=0xffffffbe fr.pc=0x000001ae8f4207fc relative=0x000000000000033c
Event: 3.416 Thread 0x000001aef9128690 Uncommon trap: reason=profile_predicate action=maybe_recompile pc=0x000001ae8f4207fc method=com.google.inject.internal.aop.ImmutableStringTrie.nextPivotColumn([Ljava/lang/String;III)I @ 21 c2
Event: 3.416 Thread 0x000001aef9128690 DEOPT PACKING pc=0x000001ae8f4207fc sp=0x0000004ac65fd6f0
Event: 3.416 Thread 0x000001aef9128690 DEOPT UNPACKING pc=0x000001ae878c23a3 sp=0x0000004ac65fd680 mode 2
Event: 3.424 Thread 0x000001aef9128690 Uncommon trap: trap_request=0xffffff45 fr.pc=0x000001ae8f36f25c relative=0x000000000000085c
Event: 3.424 Thread 0x000001aef9128690 Uncommon trap: reason=unstable_if action=reinterpret pc=0x000001ae8f36f25c method=java.util.HashMap.putVal(ILjava/lang/Object;Ljava/lang/Object;ZZ)Ljava/lang/Object; @ 181 c2
Event: 3.424 Thread 0x000001aef9128690 DEOPT PACKING pc=0x000001ae8f36f25c sp=0x0000004ac65fe3b0
Event: 3.424 Thread 0x000001aef9128690 DEOPT UNPACKING pc=0x000001ae878c23a3 sp=0x0000004ac65fe350 mode 2
Event: 3.494 Thread 0x000001aef9128690 Uncommon trap: trap_request=0xffffff45 fr.pc=0x000001ae8f3fb7c8 relative=0x00000000000001a8
Event: 3.494 Thread 0x000001aef9128690 Uncommon trap: reason=unstable_if action=reinterpret pc=0x000001ae8f3fb7c8 method=java.util.WeakHashMap.expungeStaleEntries()V @ 9 c2
Event: 3.494 Thread 0x000001aef9128690 DEOPT PACKING pc=0x000001ae8f3fb7c8 sp=0x0000004ac65fe9c0
Event: 3.494 Thread 0x000001aef9128690 DEOPT UNPACKING pc=0x000001ae878c23a3 sp=0x0000004ac65fe900 mode 2
Event: 3.757 Thread 0x000001aef9128690 Uncommon trap: trap_request=0xffffff45 fr.pc=0x000001ae8f40dd44 relative=0x0000000000001344
Event: 3.757 Thread 0x000001aef9128690 Uncommon trap: reason=unstable_if action=reinterpret pc=0x000001ae8f40dd44 method=jdk.internal.org.objectweb.asm.Frame.execute(IILjdk/internal/org/objectweb/asm/Symbol;Ljdk/internal/org/objectweb/asm/SymbolTable;)V @ 1 c2
Event: 3.757 Thread 0x000001aef9128690 DEOPT PACKING pc=0x000001ae8f40dd44 sp=0x0000004ac65f97d0
Event: 3.757 Thread 0x000001aef9128690 DEOPT UNPACKING pc=0x000001ae878c23a3 sp=0x0000004ac65f9738 mode 2

Classes loaded (20 events):
Event: 3.698 Loading class sun/security/provider/DRBG
Event: 3.699 Loading class java/security/SecureRandomSpi
Event: 3.699 Loading class java/security/SecureRandomSpi done
Event: 3.699 Loading class sun/security/provider/DRBG done
Event: 3.701 Loading class java/security/DrbgParameters$Capability
Event: 3.701 Loading class java/security/DrbgParameters$Capability done
Event: 3.701 Loading class sun/security/provider/MoreDrbgParameters
Event: 3.702 Loading class sun/security/provider/MoreDrbgParameters done
Event: 3.702 Loading class java/security/DrbgParameters
Event: 3.702 Loading class java/security/DrbgParameters done
Event: 3.703 Loading class java/security/DrbgParameters$Instantiation
Event: 3.703 Loading class java/security/DrbgParameters$Instantiation done
Event: 3.703 Loading class sun/security/provider/HashDrbg
Event: 3.703 Loading class sun/security/provider/AbstractHashDrbg
Event: 3.704 Loading class sun/security/provider/AbstractDrbg
Event: 3.705 Loading class sun/security/provider/AbstractDrbg done
Event: 3.705 Loading class sun/security/provider/AbstractHashDrbg done
Event: 3.705 Loading class sun/security/provider/HashDrbg done
Event: 3.705 Loading class sun/security/provider/EntropySource
Event: 3.706 Loading class sun/security/provider/EntropySource done

Classes unloaded (0 events):
No events

Classes redefined (0 events):
No events

Internal exceptions (20 events):
Event: 1.195 Thread 0x000001aef9128690 Exception <a 'java/lang/NoSuchMethodError'{0x0000000713b9dd90}: 'java.lang.Object java.lang.invoke.DirectMethodHandle$Holder.invokeInterface(java.lang.Object, java.lang.Object)'> (0x0000000713b9dd90) 
thrown [s\open\src\hotspot\share\interpreter\linkResolver.cpp, line 759]
Event: 1.233 Thread 0x000001aef9128690 Exception <a 'java/lang/NoSuchMethodError'{0x0000000713843e60}: 'int java.lang.invoke.DirectMethodHandle$Holder.invokeStatic(java.lang.Object, java.lang.Object, java.lang.Object, java.lang.Object)'> (0x0000000713843e60) 
thrown [s\open\src\hotspot\share\interpreter\linkResolver.cpp, line 759]
Event: 1.234 Thread 0x000001aef9128690 Exception <a 'java/lang/NoSuchMethodError'{0x00000007138477e0}: 'java.lang.Object java.lang.invoke.Invokers$Holder.invokeExact_MT(java.lang.Object, java.lang.Object, java.lang.Object, java.lang.Object, java.lang.Object, java.lang.Object)'> (0x00000007138477e0) 
thrown [s\open\src\hotspot\share\interpreter\linkResolver.cpp, line 759]
Event: 1.239 Thread 0x000001aef9128690 Exception <a 'java/lang/NoSuchMethodError'{0x00000007138589d8}: 'int java.lang.invoke.DirectMethodHandle$Holder.invokeSpecialIFC(java.lang.Object, java.lang.Object, java.lang.Object, java.lang.Object, java.lang.Object)'> (0x00000007138589d8) 
thrown [s\open\src\hotspot\share\interpreter\linkResolver.cpp, line 759]
Event: 1.361 Thread 0x000001aef9128690 Exception <a 'java/lang/NoSuchMethodError'{0x0000000713600338}: 'java.lang.Object java.lang.invoke.DirectMethodHandle$Holder.newInvokeSpecial(java.lang.Object, java.lang.Object, java.lang.Object, java.lang.Object, java.lang.Object)'> (0x0000000713600338) 
thrown [s\open\src\hotspot\share\interpreter\linkResolver.cpp, line 759]
Event: 1.440 Thread 0x000001aef9128690 Exception <a 'java/lang/NoSuchMethodError'{0x000000071370b468}: 'int java.lang.invoke.DirectMethodHandle$Holder.invokeStaticInit(java.lang.Object, java.lang.Object)'> (0x000000071370b468) 
thrown [s\open\src\hotspot\share\interpreter\linkResolver.cpp, line 759]
Event: 1.450 Thread 0x000001aef9128690 Exception <a 'java/lang/NoClassDefFoundError'{0x0000000713743558}: javax/enterprise/inject/Typed> (0x0000000713743558) 
thrown [s\open\src\hotspot\share\classfile\systemDictionary.cpp, line 244]
Event: 2.893 Thread 0x000001aef9128690 Exception <a 'java/lang/NoSuchMethodError'{0x000000071430ef58}: 'void java.lang.invoke.DirectMethodHandle$Holder.invokeStaticInit(java.lang.Object, java.lang.Object, java.lang.Object)'> (0x000000071430ef58) 
thrown [s\open\src\hotspot\share\interpreter\linkResolver.cpp, line 759]
Event: 2.901 Thread 0x000001aef9128690 Exception <a 'java/lang/ExceptionInInitializerError'{0x000000071433b0c8}> (0x000000071433b0c8) 
thrown [s\open\src\hotspot\share\oops\instanceKlass.cpp, line 1210]
Event: 2.965 Thread 0x000001aef9128690 Exception <a 'java/lang/NoSuchMethodError'{0x000000071405b638}: 'long java.lang.invoke.DirectMethodHandle$Holder.invokeStatic(java.lang.Object, java.lang.Object, int)'> (0x000000071405b638) 
thrown [s\open\src\hotspot\share\interpreter\linkResolver.cpp, line 759]
Event: 2.967 Thread 0x000001aef9128690 Exception <a 'java/lang/NoSuchMethodError'{0x0000000714071b28}: 'java.lang.Object java.lang.invoke.DirectMethodHandle$Holder.invokeStatic(java.lang.Object, java.lang.Object, java.lang.Object, java.lang.Object, int)'> (0x0000000714071b28) 
thrown [s\open\src\hotspot\share\interpreter\linkResolver.cpp, line 759]
Event: 2.968 Thread 0x000001aef9128690 Exception <a 'java/lang/NoSuchMethodError'{0x000000071407a0e8}: 'java.lang.Object java.lang.invoke.DirectMethodHandle$Holder.invokeSpecial(java.lang.Object, java.lang.Object, java.lang.Object, java.lang.Object, long)'> (0x000000071407a0e8) 
thrown [s\open\src\hotspot\share\interpreter\linkResolver.cpp, line 759]
Event: 2.970 Thread 0x000001aef9128690 Exception <a 'java/lang/NoSuchMethodError'{0x0000000714086510}: 'java.lang.Object java.lang.invoke.DirectMethodHandle$Holder.invokeSpecial(java.lang.Object, java.lang.Object, java.lang.Object, int, java.lang.Object)'> (0x0000000714086510) 
thrown [s\open\src\hotspot\share\interpreter\linkResolver.cpp, line 759]
Event: 2.973 Thread 0x000001aef9128690 Exception <a 'java/lang/NoSuchMethodError'{0x000000071408ecb8}: 'int java.lang.invoke.DirectMethodHandle$Holder.invokeSpecial(java.lang.Object, java.lang.Object, java.lang.Object, int)'> (0x000000071408ecb8) 
thrown [s\open\src\hotspot\share\interpreter\linkResolver.cpp, line 759]
Event: 2.980 Thread 0x000001aef9128690 Implicit null exception at 0x000001ae8f3bafaf to 0x000001ae8f3bb110
Event: 2.987 Thread 0x000001aef9128690 Exception <a 'java/lang/NoSuchMethodError'{0x00000007140b5fb0}: 'java.lang.Object java.lang.invoke.Invokers$Holder.invokeExact_MT(java.lang.Object, int, java.lang.Object)'> (0x00000007140b5fb0) 
thrown [s\open\src\hotspot\share\interpreter\linkResolver.cpp, line 759]
Event: 3.453 Thread 0x000001aef9128690 Exception <a 'java/lang/NoSuchMethodError'{0x0000000713921970}: 'void java.lang.invoke.Invokers$Holder.invokeExact_MT(java.lang.Object, java.lang.Object, java.lang.Object, java.lang.Object)'> (0x0000000713921970) 
thrown [s\open\src\hotspot\share\interpreter\linkResolver.cpp, line 759]
Event: 3.486 Thread 0x000001aef9128690 Exception <a 'java/lang/NoClassDefFoundError'{0x00000007139b5a90}: com/google/inject/servlet/ServletModuleTargetVisitor> (0x00000007139b5a90) 
thrown [s\open\src\hotspot\share\classfile\systemDictionary.cpp, line 244]
Event: 3.630 Thread 0x000001aef9128690 Exception <a 'java/lang/NoSuchMethodError'{0x0000000713470520}: 'void java.lang.invoke.DirectMethodHandle$Holder.invokeVirtual(java.lang.Object, java.lang.Object)'> (0x0000000713470520) 
thrown [s\open\src\hotspot\share\interpreter\linkResolver.cpp, line 759]
Event: 3.708 Thread 0x000001aef9128690 Exception <a 'java/lang/NoSuchMethodError'{0x00000007134fccc8}: 'java.lang.Object java.lang.invoke.DirectMethodHandle$Holder.invokeStaticInit(java.lang.Object, int, int, int, int)'> (0x00000007134fccc8) 
thrown [s\open\src\hotspot\share\interpreter\linkResolver.cpp, line 759]

VM Operations (20 events):
Event: 2.538 Executing VM operation: ICBufferFull
Event: 2.539 Executing VM operation: ICBufferFull done
Event: 2.644 Executing VM operation: G1CollectForAllocation
Event: 2.654 Executing VM operation: G1CollectForAllocation done
Event: 2.919 Executing VM operation: HandshakeAllThreads
Event: 2.919 Executing VM operation: HandshakeAllThreads done
Event: 3.056 Executing VM operation: HandshakeAllThreads
Event: 3.056 Executing VM operation: HandshakeAllThreads done
Event: 3.059 Executing VM operation: HandshakeAllThreads
Event: 3.060 Executing VM operation: HandshakeAllThreads done
Event: 3.170 Executing VM operation: HandshakeAllThreads
Event: 3.170 Executing VM operation: HandshakeAllThreads done
Event: 3.378 Executing VM operation: ICBufferFull
Event: 3.379 Executing VM operation: ICBufferFull done
Event: 3.445 Executing VM operation: HandshakeAllThreads
Event: 3.445 Executing VM operation: HandshakeAllThreads done
Event: 3.663 Executing VM operation: HandshakeAllThreads
Event: 3.663 Executing VM operation: HandshakeAllThreads done
Event: 3.754 Executing VM operation: HandshakeAllThreads
Event: 3.755 Executing VM operation: HandshakeAllThreads done

Events (20 events):
Event: 0.044 Thread 0x000001aeff8c1360 Thread added: 0x000001aeff8c1360
Event: 0.044 Thread 0x000001aeff8c2350 Thread added: 0x000001aeff8c2350
Event: 0.044 Thread 0x000001aeff8c6d50 Thread added: 0x000001aeff8c6d50
Event: 0.068 Thread 0x000001aeff88a730 Thread added: 0x000001aeff88a730
Event: 0.090 Loaded shared library C:\Program Files\Java\jdk-18.0.2.1\bin\zip.dll
Event: 0.098 Loaded shared library C:\Program Files\Java\jdk-18.0.2.1\bin\instrument.dll
Event: 0.105 Loaded shared library C:\Program Files\Java\jdk-18.0.2.1\bin\net.dll
Event: 0.106 Loaded shared library C:\Program Files\Java\jdk-18.0.2.1\bin\nio.dll
Event: 0.112 Loaded shared library C:\Program Files\Java\jdk-18.0.2.1\bin\zip.dll
Event: 0.131 Loaded shared library C:\Program Files\JetBrains\IntelliJ IDEA Community Edition 2024.3.2.2\bin\breakgen64.dll
Event: 0.131 Thread 0x000001aea0a8dff0 Thread added: 0x000001aea0a8dff0
Event: 0.132 Thread 0x000001aea0a90800 Thread added: 0x000001aea0a90800
Event: 0.302 Thread 0x000001aea0cfe780 Thread added: 0x000001aea0cfe780
Event: 0.304 Loaded shared library C:\Program Files\Java\jdk-18.0.2.1\bin\jimage.dll
Event: 0.396 Thread 0x000001aea0cfe780 Thread exited: 0x000001aea0cfe780
Event: 0.503 Loaded shared library C:\Users\shiva\AppData\Local\Temp\jansi-2.4.1-e871f6d797a17daa-jansi.dll
Event: 0.522 Loaded shared library C:\Program Files\Java\jdk-18.0.2.1\bin\verify.dll
Event: 1.503 Thread 0x000001aea15a4ea0 Thread added: 0x000001aea15a4ea0
Event: 2.436 Thread 0x000001aea15a4ea0 Thread exited: 0x000001aea15a4ea0
Event: 3.118 Thread 0x000001aea1ad8ab0 Thread added: 0x000001aea1ad8ab0


Dynamic libraries:
0x00007ff6e6f10000 - 0x00007ff6e6f20000 	C:\Program Files\Java\jdk-18.0.2.1\bin\java.exe
0x00007ffca37f0000 - 0x00007ffca3a07000 	C:\WINDOWS\SYSTEM32\ntdll.dll
0x00007ffca1d30000 - 0x00007ffca1df4000 	C:\WINDOWS\System32\KERNEL32.DLL
0x00007ffca0e10000 - 0x00007ffca11ca000 	C:\WINDOWS\System32\KERNELBASE.dll
0x00007ffc9ae80000 - 0x00007ffc9af17000 	C:\WINDOWS\SYSTEM32\apphelp.dll
0x00007ffca0b10000 - 0x00007ffca0c21000 	C:\WINDOWS\System32\ucrtbase.dll
0x00007ffc8fd80000 - 0x00007ffc8fd98000 	C:\Program Files\Java\jdk-18.0.2.1\bin\jli.dll
0x00007ffc83f20000 - 0x00007ffc83f3a000 	C:\Program Files\Java\jdk-18.0.2.1\bin\VCRUNTIME140.dll
0x00007ffca1960000 - 0x00007ffca1a12000 	C:\WINDOWS\System32\ADVAPI32.dll
0x00007ffca1570000 - 0x00007ffca1617000 	C:\WINDOWS\System32\msvcrt.dll
0x00007ffca2cf0000 - 0x00007ffca2d97000 	C:\WINDOWS\System32\sechost.dll
0x00007ffca0ae0000 - 0x00007ffca0b08000 	C:\WINDOWS\System32\bcrypt.dll
0x00007ffca1c10000 - 0x00007ffca1d24000 	C:\WINDOWS\System32\RPCRT4.dll
0x00007ffca2db0000 - 0x00007ffca2f5e000 	C:\WINDOWS\System32\USER32.dll
0x00007ffca0ab0000 - 0x00007ffca0ad6000 	C:\WINDOWS\System32\win32u.dll
0x00007ffca2b70000 - 0x00007ffca2b99000 	C:\WINDOWS\System32\GDI32.dll
0x00007ffca0c30000 - 0x00007ffca0d4b000 	C:\WINDOWS\System32\gdi32full.dll
0x00007ffc842a0000 - 0x00007ffc84532000 	C:\WINDOWS\WinSxS\amd64_microsoft.windows.common-controls_6595b64144ccf1df_6.0.22621.4541_none_2710d1c57384c085\COMCTL32.dll
0x00007ffca1250000 - 0x00007ffca12ea000 	C:\WINDOWS\System32\msvcp_win.dll
0x00007ffc96880000 - 0x00007ffc9688a000 	C:\WINDOWS\SYSTEM32\VERSION.dll
0x00007ffca1a20000 - 0x00007ffca1a51000 	C:\WINDOWS\System32\IMM32.DLL
0x00007ffc9be00000 - 0x00007ffc9be0c000 	C:\Program Files\Java\jdk-18.0.2.1\bin\vcruntime140_1.dll
0x00007ffc5e1b0000 - 0x00007ffc5e23d000 	C:\Program Files\Java\jdk-18.0.2.1\bin\msvcp140.dll
0x00007ffbde370000 - 0x00007ffbdef81000 	C:\Program Files\Java\jdk-18.0.2.1\bin\server\jvm.dll
0x00007ffca1620000 - 0x00007ffca1628000 	C:\WINDOWS\System32\PSAPI.DLL
0x00007ffc9ac00000 - 0x00007ffc9ac34000 	C:\WINDOWS\SYSTEM32\WINMM.dll
0x00007ffc97ae0000 - 0x00007ffc97ae9000 	C:\WINDOWS\SYSTEM32\WSOCK32.dll
0x00007ffca1870000 - 0x00007ffca18e1000 	C:\WINDOWS\System32\WS2_32.dll
0x00007ffc9fbe0000 - 0x00007ffc9fbf8000 	C:\WINDOWS\SYSTEM32\kernel.appcore.dll
0x00007ffc8e850000 - 0x00007ffc8e85a000 	C:\Program Files\Java\jdk-18.0.2.1\bin\jimage.dll
0x00007ffc9e480000 - 0x00007ffc9e6b2000 	C:\WINDOWS\SYSTEM32\DBGHELP.DLL
0x00007ffca1e00000 - 0x00007ffca2191000 	C:\WINDOWS\System32\combase.dll
0x00007ffca2ba0000 - 0x00007ffca2c77000 	C:\WINDOWS\System32\OLEAUT32.dll
0x00007ffc95330000 - 0x00007ffc95362000 	C:\WINDOWS\SYSTEM32\dbgcore.DLL
0x00007ffca11d0000 - 0x00007ffca124b000 	C:\WINDOWS\System32\bcryptPrimitives.dll
0x00007ffc9be80000 - 0x00007ffc9be8e000 	C:\Program Files\Java\jdk-18.0.2.1\bin\instrument.dll
0x00007ffc83df0000 - 0x00007ffc83e15000 	C:\Program Files\Java\jdk-18.0.2.1\bin\java.dll
0x00007ffc4dda0000 - 0x00007ffc4de76000 	C:\Program Files\Java\jdk-18.0.2.1\bin\jsvml.dll
0x00007ffca22a0000 - 0x00007ffca2b19000 	C:\WINDOWS\System32\SHELL32.dll
0x00007ffc9e9b0000 - 0x00007ffc9f2b9000 	C:\WINDOWS\SYSTEM32\windows.storage.dll
0x00007ffc9e870000 - 0x00007ffc9e9af000 	C:\WINDOWS\SYSTEM32\wintypes.dll
0x00007ffca16e0000 - 0x00007ffca17da000 	C:\WINDOWS\System32\SHCORE.dll
0x00007ffca2c90000 - 0x00007ffca2cee000 	C:\WINDOWS\System32\shlwapi.dll
0x00007ffca09e0000 - 0x00007ffca0a0b000 	C:\WINDOWS\SYSTEM32\profapi.dll
0x00007ffc82f30000 - 0x00007ffc82f48000 	C:\Program Files\Java\jdk-18.0.2.1\bin\zip.dll
0x00007ffc83be0000 - 0x00007ffc83bf3000 	C:\Program Files\Java\jdk-18.0.2.1\bin\net.dll
0x00007ffc9c320000 - 0x00007ffc9c456000 	C:\WINDOWS\SYSTEM32\WINHTTP.dll
0x00007ffca0060000 - 0x00007ffca00c9000 	C:\WINDOWS\system32\mswsock.dll
0x00007ffc82f50000 - 0x00007ffc82f66000 	C:\Program Files\Java\jdk-18.0.2.1\bin\nio.dll
0x00007ffc9be30000 - 0x00007ffc9be4a000 	C:\Program Files\JetBrains\IntelliJ IDEA Community Edition 2024.3.2.2\bin\breakgen64.dll
0x00007ffc7feb0000 - 0x00007ffc7fed4000 	C:\Users\shiva\AppData\Local\Temp\jansi-2.4.1-e871f6d797a17daa-jansi.dll
0x00007ffc9be20000 - 0x00007ffc9be30000 	C:\Program Files\Java\jdk-18.0.2.1\bin\verify.dll

dbghelp: loaded successfully - version: 4.0.5 - missing functions: none
symbol engine: initialized successfully - sym options: 0x614 - pdb path: .;C:\Program Files\Java\jdk-18.0.2.1\bin;C:\WINDOWS\SYSTEM32;C:\WINDOWS\WinSxS\amd64_microsoft.windows.common-controls_6595b64144ccf1df_6.0.22621.4541_none_2710d1c57384c085;C:\Program Files\Java\jdk-18.0.2.1\bin\server;C:\Program Files\JetBrains\IntelliJ IDEA Community Edition 2024.3.2.2\bin;C:\Users\shiva\AppData\Local\Temp

VM Arguments:
jvm_args: -Dmaven.multiModuleProjectDirectory=E:\SwitchCode\LibraryManagementSystemApplication -Djansi.passthrough=true -Dmaven.home=C:\Users\shiva\.m2\wrapper\dists\apache-maven-3.9.9-bin\4nf9hui3q3djbarqar9g711ggc\apache-maven-3.9.9 -Dclassworlds.conf=C:\Users\shiva\.m2\wrapper\dists\apache-maven-3.9.9-bin\4nf9hui3q3djbarqar9g711ggc\apache-maven-3.9.9\bin\m2.conf -Dmaven.ext.class.path=C:\Program Files\JetBrains\IntelliJ IDEA Community Edition 2024.3.2.2\plugins\maven\lib\maven-event-listener.jar -javaagent:C:\Program Files\JetBrains\IntelliJ IDEA Community Edition 2024.3.2.2\lib\idea_rt.jar=54944:C:\Program Files\JetBrains\IntelliJ IDEA Community Edition 2024.3.2.2\bin -Dfile.encoding=UTF-8 -Dsun.stdout.encoding=UTF-8 -Dsun.stderr.encoding=UTF-8 
java_command: org.codehaus.classworlds.Launcher -Didea.version=2024.3.2.2 clean install
java_class_path (initial): C:\Users\shiva\.m2\wrapper\dists\apache-maven-3.9.9-bin\4nf9hui3q3djbarqar9g711ggc\apache-maven-3.9.9\boot\plexus-classworlds-2.8.0.jar;C:\Users\shiva\.m2\wrapper\dists\apache-maven-3.9.9-bin\4nf9hui3q3djbarqar9g711ggc\apache-maven-3.9.9\boot\plexus-classworlds.license
Launcher Type: SUN_STANDARD

[Global flags]
     intx CICompilerCount                          = 4                                         {product} {ergonomic}
     uint ConcGCThreads                            = 3                                         {product} {ergonomic}
     uint G1ConcRefinementThreads                  = 10                                        {product} {ergonomic}
   size_t G1HeapRegionSize                         = 2097152                                   {product} {ergonomic}
    uintx GCDrainStackTargetSize                   = 64                                        {product} {ergonomic}
   size_t InitialHeapSize                          = 264241152                                 {product} {ergonomic}
   size_t MarkStackSize                            = 4194304                                   {product} {ergonomic}
   size_t MaxHeapSize                              = 4213178368                                {product} {ergonomic}
   size_t MaxNewSize                               = 2527068160                                {product} {ergonomic}
   size_t MinHeapDeltaBytes                        = 2097152                                   {product} {ergonomic}
   size_t MinHeapSize                              = 8388608                                   {product} {ergonomic}
    uintx NonNMethodCodeHeapSize                   = 5839372                                {pd product} {ergonomic}
    uintx NonProfiledCodeHeapSize                  = 122909434                              {pd product} {ergonomic}
    uintx ProfiledCodeHeapSize                     = 122909434                              {pd product} {ergonomic}
    uintx ReservedCodeCacheSize                    = 251658240                              {pd product} {ergonomic}
     bool SegmentedCodeCache                       = true                                      {product} {ergonomic}
   size_t SoftMaxHeapSize                          = 4213178368                             {manageable} {ergonomic}
     bool UseCompressedClassPointers               = true                           {product lp64_product} {ergonomic}
     bool UseCompressedOops                        = true                           {product lp64_product} {ergonomic}
     bool UseG1GC                                  = true                                      {product} {ergonomic}
     bool UseLargePagesIndividualAllocation        = false                                  {pd product} {ergonomic}

Logging:
Log output configuration:
 #0: stdout all=warning uptime,level,tags foldmultilines=false
 #1: stderr all=off uptime,level,tags foldmultilines=false

Environment Variables:
PATH=C:\Program Files\Common Files\Oracle\Java\javapath;C:\Windows\system32;C:\Windows;C:\Windows\System32\Wbem;C:\Windows\System32\WindowsPowerShell\v1.0\;C:\Windows\System32\OpenSSH\;C:\Program Files (x86)\NVIDIA Corporation\PhysX\Common;C:\Program Files\NVIDIA Corporation\NVIDIA NvDLISR;C:\Program Files\dotnet\;C:\Program Files\Java\jdk-18.0.2.1\bin;C:\Program Files\Git\cmd;C:\Program Files\nodejs\;;%SystemRoot%\system32;%SystemRoot%;%SystemRoot%\System32\Wbem;%SYSTEMROOT%\System32\WindowsPowerShell\v1.0\;%SYSTEMROOT%\System32\OpenSSH\;C:\Users\shiva\AppData\Local\Microsoft\WindowsApps;C:\Users\shiva\AppData\Local\GitHubDesktop\bin;C:\Users\shiva\AppData\Local\JetBrains\Toolbox\scripts;C:\Program Files\JetBrains\IntelliJ IDEA Community Edition 2022.2.1\bin;;C:\Users\shiva\AppData\Local\Programs\Microsoft VS Code\bin;C:\Users\shiva\AppData\Roaming\npm;C:\Program Files\nodejs;;C:\Users\shiva\AppData\Local\Microsoft\WindowsApps
USERNAME=shiva
OS=Windows_NT
PROCESSOR_IDENTIFIER=Intel64 Family 6 Model 154 Stepping 4, GenuineIntel



---------------  S Y S T E M  ---------------

OS:
 Windows 11 , 64 bit Build 22621 (10.0.22621.4391)
OS uptime: 0 days 14:55 hours
Hyper-V role detected

CPU: total 12 (initial active 12) (6 cores per cpu, 2 threads per core) family 6 model 154 stepping 4 microcode 0x435, cx8, cmov, fxsr, ht, mmx, 3dnowpref, sse, sse2, sse3, ssse3, sse4.1, sse4.2, popcnt, lzcnt, tsc, tscinvbit, avx, avx2, aes, erms, clmul, bmi1, bmi2, adx, sha, fma, vzeroupper, clflush, clflushopt, clwb, hv, serialize

Memory: 4k page, system-wide physical 16068M (752M free)
TotalPageFile size 61164M (AvailPageFile size 5M)
current process WorkingSet (physical memory assigned to process): 113M, peak: 113M
current process commit charge ("private bytes"): 379M, peak: 380M

vm_info: Java HotSpot(TM) 64-Bit Server VM (18.0.2.1+1-1) for windows-amd64 JRE (18.0.2.1+1-1), built on Aug 16 2022 01:46:33 by "mach5one" with MS VC++ 16.8 / 16.9 (VS2019)

END.
