#
# There is insufficient memory for the Java Runtime Environment to continue.
# Native memory allocation (mmap) failed to map 264241152 bytes for G1 virtual space
# Possible reasons:
#   The system is out of physical RAM or swap space
#   The process is running with CompressedOops enabled, and the Java Heap may be blocking the growth of the native heap
# Possible solutions:
#   Reduce memory load on the system
#   Increase physical memory or swap space
#   Check if swap backing store is full
#   Decrease Java heap size (-Xmx/-Xms)
#   Decrease number of Java threads
#   Decrease Java thread stack sizes (-Xss)
#   Set larger code cache with -XX:ReservedCodeCacheSize=
#   JVM is running with Zero Based Compressed Oops mode in which the Java heap is
#     placed in the first 32GB address space. The Java Heap base address is the
#     maximum limit for the native heap growth. Please use -XX:HeapBaseMinAddress
#     to set the Java Heap base and to place the Java Heap above 32GB virtual address.
# This output file may be truncated or incomplete.
#
#  Out of Memory Error (os_windows.cpp:3530), pid=11616, tid=21884
#
# JRE version:  (18.0.2.1+1) (build )
# Java VM: Java HotSpot(TM) 64-Bit Server VM (18.0.2.1+1-1, mixed mode, sharing, tiered, compressed oops, compressed class ptrs, g1 gc, windows-amd64)
# No core dump will be written. Minidumps are not enabled by default on client versions of Windows
#

---------------  S U M M A R Y ------------

Command Line: -Dmaven.multiModuleProjectDirectory=E:\SwitchCode\LibraryManagementSystemApplication -Djansi.passthrough=true -Dmaven.home=C:\Users\shiva\.m2\wrapper\dists\apache-maven-3.9.9-bin\4nf9hui3q3djbarqar9g711ggc\apache-maven-3.9.9 -Dclassworlds.conf=C:\Users\shiva\.m2\wrapper\dists\apache-maven-3.9.9-bin\4nf9hui3q3djbarqar9g711ggc\apache-maven-3.9.9\bin\m2.conf -Dmaven.ext.class.path=C:\Program Files\JetBrains\IntelliJ IDEA Community Edition 2024.3.2.2\plugins\maven\lib\maven-event-listener.jar -javaagent:C:\Program Files\JetBrains\IntelliJ IDEA Community Edition 2024.3.2.2\lib\idea_rt.jar=55018:C:\Program Files\JetBrains\IntelliJ IDEA Community Edition 2024.3.2.2\bin -Dfile.encoding=UTF-8 -Dsun.stdout.encoding=UTF-8 -Dsun.stderr.encoding=UTF-8 org.codehaus.classworlds.Launcher -Didea.version=2024.3.2.2 clean install

Host: 12th Gen Intel(R) Core(TM) i7-1255U, 12 cores, 15G,  Windows 11 , 64 bit Build 22621 (10.0.22621.4391)
Time: Thu Feb  6 23:20:23 2025 India Standard Time elapsed time: 0.032327 seconds (0d 0h 0m 0s)

---------------  T H R E A D  ---------------

Current thread (0x00000154f25e87b0):  JavaThread "Unknown thread" [_thread_in_vm, id=21884, stack(0x00000024c1000000,0x00000024c1100000)]

Stack: [0x00000024c1000000,0x00000024c1100000]
Native frames: (J=compiled Java code, j=interpreted, Vv=VM code, C=native code)
V  [jvm.dll+0x6993aa]
V  [jvm.dll+0x7f46dd]
V  [jvm.dll+0x7f5fee]
V  [jvm.dll+0x7f66a3]
V  [jvm.dll+0x25cf1f]
V  [jvm.dll+0x6962f9]
V  [jvm.dll+0x68ae2a]
V  [jvm.dll+0x32255b]
V  [jvm.dll+0x329f36]
V  [jvm.dll+0x37eade]
V  [jvm.dll+0x37ed0f]
V  [jvm.dll+0x2fa2da]
V  [jvm.dll+0x2fb33d]
V  [jvm.dll+0x7c3310]
V  [jvm.dll+0x38be61]
V  [jvm.dll+0x7a2023]
V  [jvm.dll+0x40dc3f]
V  [jvm.dll+0x40f611]
C  [jli.dll+0x526b]
C  [ucrtbase.dll+0x29333]
C  [KERNEL32.DLL+0x1259d]
C  [ntdll.dll+0x5af38]


---------------  P R O C E S S  ---------------

Threads class SMR info:
_java_thread_list=0x00007ffbdee4e550, length=0, elements={
}

Java Threads: ( => current thread )

Other Threads:
  0x00000154f2657d70 WorkerThread "GC Thread#0" [stack: 0x00000024c1100000,0x00000024c1200000] [id=19452]
  0x00000154f2668ed0 ConcurrentGCThread "G1 Main Marker" [stack: 0x00000024c1200000,0x00000024c1300000] [id=25644]
  0x00000154f26697d0 WorkerThread "G1 Conc#0" [stack: 0x00000024c1300000,0x00000024c1400000] [id=20960]

[error occurred during error reporting (printing all threads), id 0xc0000005, EXCEPTION_ACCESS_VIOLATION (0xc0000005) at pc=0x00007ffbde67a877]

VM state: not at safepoint (not fully initialized)

VM Mutex/Monitor currently owned by a thread:  ([mutex/lock_event])
[0x00000154f25e7570] Heap_lock - owner thread: 0x00000154f25e87b0

Heap address: 0x0000000704e00000, size: 4018 MB, Compressed Oops mode: Zero based, Oop shift amount: 3

CDS archive(s) mapped at: [0x0000000000000000-0x0000000000000000-0x0000000000000000), size 0, SharedBaseAddress: 0x0000000800000000, ArchiveRelocationMode: 0.
Narrow klass base: 0x0000000000000000, Narrow klass shift: 0, Narrow klass range: 0x0

GC Precious Log:
 CardTable entry size: 512
 Card Set container configuration: InlinePtr #cards 4 size 8 Array Of Cards #cards 16 size 48 Howl #buckets 8 coarsen threshold 3686 Howl Bitmap #cards 512 size 80 coarsen threshold 460 Card regions per heap region 1 cards per card region 4096

Heap:
 garbage-first heap   total 0K, used 0K [0x0000000704e00000, 0x0000000800000000)
  region size 2048K, 0 young (0K), 0 survivors (0K)

[error occurred during error reporting (printing heap information), id 0xc0000005, EXCEPTION_ACCESS_VIOLATION (0xc0000005) at pc=0x00007ffbdea61839]

GC Heap History (0 events):
No events

Deoptimization events (0 events):
No events

Classes loaded (0 events):
No events

Classes unloaded (0 events):
No events

Classes redefined (0 events):
No events

Internal exceptions (0 events):
No events

VM Operations (0 events):
No events

Events (1 events):
Event: 0.020 Loaded shared library C:\Program Files\Java\jdk-18.0.2.1\bin\java.dll


Dynamic libraries:
0x00007ff729c00000 - 0x00007ff729c10000 	C:\Program Files\Java\jdk-18.0.2.1\bin\java.exe
0x00007ffca37f0000 - 0x00007ffca3a07000 	C:\WINDOWS\SYSTEM32\ntdll.dll
0x00007ffca1d30000 - 0x00007ffca1df4000 	C:\WINDOWS\System32\KERNEL32.DLL
0x00007ffca0e10000 - 0x00007ffca11ca000 	C:\WINDOWS\System32\KERNELBASE.dll
0x00007ffc9ae80000 - 0x00007ffc9af17000 	C:\WINDOWS\SYSTEM32\apphelp.dll
0x00007ffca0b10000 - 0x00007ffca0c21000 	C:\WINDOWS\System32\ucrtbase.dll
0x00007ffc8fd80000 - 0x00007ffc8fd98000 	C:\Program Files\Java\jdk-18.0.2.1\bin\jli.dll
0x00007ffca1960000 - 0x00007ffca1a12000 	C:\WINDOWS\System32\ADVAPI32.dll
0x00007ffc83f20000 - 0x00007ffc83f3a000 	C:\Program Files\Java\jdk-18.0.2.1\bin\VCRUNTIME140.dll
0x00007ffca1570000 - 0x00007ffca1617000 	C:\WINDOWS\System32\msvcrt.dll
0x00007ffca2cf0000 - 0x00007ffca2d97000 	C:\WINDOWS\System32\sechost.dll
0x00007ffca0ae0000 - 0x00007ffca0b08000 	C:\WINDOWS\System32\bcrypt.dll
0x00007ffca1c10000 - 0x00007ffca1d24000 	C:\WINDOWS\System32\RPCRT4.dll
0x00007ffca2db0000 - 0x00007ffca2f5e000 	C:\WINDOWS\System32\USER32.dll
0x00007ffca0ab0000 - 0x00007ffca0ad6000 	C:\WINDOWS\System32\win32u.dll
0x00007ffca2b70000 - 0x00007ffca2b99000 	C:\WINDOWS\System32\GDI32.dll
0x00007ffca0c30000 - 0x00007ffca0d4b000 	C:\WINDOWS\System32\gdi32full.dll
0x00007ffc842a0000 - 0x00007ffc84532000 	C:\WINDOWS\WinSxS\amd64_microsoft.windows.common-controls_6595b64144ccf1df_6.0.22621.4541_none_2710d1c57384c085\COMCTL32.dll
0x00007ffca1250000 - 0x00007ffca12ea000 	C:\WINDOWS\System32\msvcp_win.dll
0x00007ffc96880000 - 0x00007ffc9688a000 	C:\WINDOWS\SYSTEM32\VERSION.dll
0x00007ffca1a20000 - 0x00007ffca1a51000 	C:\WINDOWS\System32\IMM32.DLL
0x00007ffc9be00000 - 0x00007ffc9be0c000 	C:\Program Files\Java\jdk-18.0.2.1\bin\vcruntime140_1.dll
0x00007ffc5e1b0000 - 0x00007ffc5e23d000 	C:\Program Files\Java\jdk-18.0.2.1\bin\msvcp140.dll
0x00007ffbde370000 - 0x00007ffbdef81000 	C:\Program Files\Java\jdk-18.0.2.1\bin\server\jvm.dll
0x00007ffca1620000 - 0x00007ffca1628000 	C:\WINDOWS\System32\PSAPI.DLL
0x00007ffc97ae0000 - 0x00007ffc97ae9000 	C:\WINDOWS\SYSTEM32\WSOCK32.dll
0x00007ffc9ac00000 - 0x00007ffc9ac34000 	C:\WINDOWS\SYSTEM32\WINMM.dll
0x00007ffca1870000 - 0x00007ffca18e1000 	C:\WINDOWS\System32\WS2_32.dll
0x00007ffc9fbe0000 - 0x00007ffc9fbf8000 	C:\WINDOWS\SYSTEM32\kernel.appcore.dll
0x00007ffc8e850000 - 0x00007ffc8e85a000 	C:\Program Files\Java\jdk-18.0.2.1\bin\jimage.dll
0x00007ffc9e480000 - 0x00007ffc9e6b2000 	C:\WINDOWS\SYSTEM32\DBGHELP.DLL
0x00007ffca1e00000 - 0x00007ffca2191000 	C:\WINDOWS\System32\combase.dll
0x00007ffca2ba0000 - 0x00007ffca2c77000 	C:\WINDOWS\System32\OLEAUT32.dll
0x00007ffc95330000 - 0x00007ffc95362000 	C:\WINDOWS\SYSTEM32\dbgcore.DLL
0x00007ffca11d0000 - 0x00007ffca124b000 	C:\WINDOWS\System32\bcryptPrimitives.dll
0x00007ffc9ae40000 - 0x00007ffc9ae4e000 	C:\Program Files\Java\jdk-18.0.2.1\bin\instrument.dll
0x00007ffc83df0000 - 0x00007ffc83e15000 	C:\Program Files\Java\jdk-18.0.2.1\bin\java.dll

dbghelp: loaded successfully - version: 4.0.5 - missing functions: none
symbol engine: initialized successfully - sym options: 0x614 - pdb path: .;C:\Program Files\Java\jdk-18.0.2.1\bin;C:\WINDOWS\SYSTEM32;C:\WINDOWS\WinSxS\amd64_microsoft.windows.common-controls_6595b64144ccf1df_6.0.22621.4541_none_2710d1c57384c085;C:\Program Files\Java\jdk-18.0.2.1\bin\server

VM Arguments:
jvm_args: -Dmaven.multiModuleProjectDirectory=E:\SwitchCode\LibraryManagementSystemApplication -Djansi.passthrough=true -Dmaven.home=C:\Users\shiva\.m2\wrapper\dists\apache-maven-3.9.9-bin\4nf9hui3q3djbarqar9g711ggc\apache-maven-3.9.9 -Dclassworlds.conf=C:\Users\shiva\.m2\wrapper\dists\apache-maven-3.9.9-bin\4nf9hui3q3djbarqar9g711ggc\apache-maven-3.9.9\bin\m2.conf -Dmaven.ext.class.path=C:\Program Files\JetBrains\IntelliJ IDEA Community Edition 2024.3.2.2\plugins\maven\lib\maven-event-listener.jar -javaagent:C:\Program Files\JetBrains\IntelliJ IDEA Community Edition 2024.3.2.2\lib\idea_rt.jar=55018:C:\Program Files\JetBrains\IntelliJ IDEA Community Edition 2024.3.2.2\bin -Dfile.encoding=UTF-8 -Dsun.stdout.encoding=UTF-8 -Dsun.stderr.encoding=UTF-8 
java_command: org.codehaus.classworlds.Launcher -Didea.version=2024.3.2.2 clean install
java_class_path (initial): C:\Users\shiva\.m2\wrapper\dists\apache-maven-3.9.9-bin\4nf9hui3q3djbarqar9g711ggc\apache-maven-3.9.9\boot\plexus-classworlds-2.8.0.jar;C:\Users\shiva\.m2\wrapper\dists\apache-maven-3.9.9-bin\4nf9hui3q3djbarqar9g711ggc\apache-maven-3.9.9\boot\plexus-classworlds.license
Launcher Type: SUN_STANDARD

[Global flags]
     intx CICompilerCount                          = 4                                         {product} {ergonomic}
     uint ConcGCThreads                            = 3                                         {product} {ergonomic}
     uint G1ConcRefinementThreads                  = 10                                        {product} {ergonomic}
   size_t G1HeapRegionSize                         = 2097152                                   {product} {ergonomic}
    uintx GCDrainStackTargetSize                   = 64                                        {product} {ergonomic}
   size_t InitialHeapSize                          = 264241152                                 {product} {ergonomic}
   size_t MarkStackSize                            = 4194304                                   {product} {ergonomic}
   size_t MaxHeapSize                              = 4213178368                                {product} {ergonomic}
   size_t MinHeapDeltaBytes                        = 2097152                                   {product} {ergonomic}
   size_t MinHeapSize                              = 8388608                                   {product} {ergonomic}
    uintx NonNMethodCodeHeapSize                   = 5839372                                {pd product} {ergonomic}
    uintx NonProfiledCodeHeapSize                  = 122909434                              {pd product} {ergonomic}
    uintx ProfiledCodeHeapSize                     = 122909434                              {pd product} {ergonomic}
    uintx ReservedCodeCacheSize                    = 251658240                              {pd product} {ergonomic}
     bool SegmentedCodeCache                       = true                                      {product} {ergonomic}
   size_t SoftMaxHeapSize                          = 4213178368                             {manageable} {ergonomic}
     bool UseCompressedClassPointers               = true                           {product lp64_product} {ergonomic}
     bool UseCompressedOops                        = true                           {product lp64_product} {ergonomic}
     bool UseG1GC                                  = true                                      {product} {ergonomic}
     bool UseLargePagesIndividualAllocation        = false                                  {pd product} {ergonomic}

Logging:
Log output configuration:
 #0: stdout all=warning uptime,level,tags foldmultilines=false
 #1: stderr all=off uptime,level,tags foldmultilines=false

Environment Variables:
PATH=C:\Program Files\Common Files\Oracle\Java\javapath;C:\Windows\system32;C:\Windows;C:\Windows\System32\Wbem;C:\Windows\System32\WindowsPowerShell\v1.0\;C:\Windows\System32\OpenSSH\;C:\Program Files (x86)\NVIDIA Corporation\PhysX\Common;C:\Program Files\NVIDIA Corporation\NVIDIA NvDLISR;C:\Program Files\dotnet\;C:\Program Files\Java\jdk-18.0.2.1\bin;C:\Program Files\Git\cmd;C:\Program Files\nodejs\;;%SystemRoot%\system32;%SystemRoot%;%SystemRoot%\System32\Wbem;%SYSTEMROOT%\System32\WindowsPowerShell\v1.0\;%SYSTEMROOT%\System32\OpenSSH\;C:\Users\shiva\AppData\Local\Microsoft\WindowsApps;C:\Users\shiva\AppData\Local\GitHubDesktop\bin;C:\Users\shiva\AppData\Local\JetBrains\Toolbox\scripts;C:\Program Files\JetBrains\IntelliJ IDEA Community Edition 2022.2.1\bin;;C:\Users\shiva\AppData\Local\Programs\Microsoft VS Code\bin;C:\Users\shiva\AppData\Roaming\npm;C:\Program Files\nodejs;;C:\Users\shiva\AppData\Local\Microsoft\WindowsApps
USERNAME=shiva
OS=Windows_NT
PROCESSOR_IDENTIFIER=Intel64 Family 6 Model 154 Stepping 4, GenuineIntel



---------------  S Y S T E M  ---------------

OS:
 Windows 11 , 64 bit Build 22621 (10.0.22621.4391)
OS uptime: 0 days 15:05 hours
Hyper-V role detected

CPU: total 12 (initial active 12) (6 cores per cpu, 2 threads per core) family 6 model 154 stepping 4 microcode 0x435, cx8, cmov, fxsr, ht, mmx, 3dnowpref, sse, sse2, sse3, ssse3, sse4.1, sse4.2, popcnt, lzcnt, tsc, tscinvbit, avx, avx2, aes, erms, clmul, bmi1, bmi2, adx, sha, fma, vzeroupper, clflush, clflushopt, clwb, hv, serialize

Memory: 4k page, system-wide physical 16068M (457M free)
TotalPageFile size 61164M (AvailPageFile size 11M)
current process WorkingSet (physical memory assigned to process): 12M, peak: 12M
current process commit charge ("private bytes"): 65M, peak: 316M

vm_info: Java HotSpot(TM) 64-Bit Server VM (18.0.2.1+1-1) for windows-amd64 JRE (18.0.2.1+1-1), built on Aug 16 2022 01:46:33 by "mach5one" with MS VC++ 16.8 / 16.9 (VS2019)

END.
